[2019-02-27 13:00:04,195] WARN [RequestSendThread controllerId=0] Controller 0's connection to broker fe80:0:0:0:14ec:8eff:feb0:2747%12:9092 (id: 0 rack: null) was unsuccessful (kafka.controller.RequestSendThread)
java.net.SocketTimeoutException: Failed to connect within 30000 ms
	at kafka.controller.RequestSendThread.brokerReady(ControllerChannelManager.scala:280)
	at kafka.controller.RequestSendThread.doWork(ControllerChannelManager.scala:233)
	at kafka.utils.ShutdownableThread.run(ShutdownableThread.scala:82)
[2019-02-27 13:00:34,311] WARN [RequestSendThread controllerId=0] Controller 0's connection to broker fe80:0:0:0:14ec:8eff:feb0:2747%12:9092 (id: 0 rack: null) was unsuccessful (kafka.controller.RequestSendThread)
java.net.SocketTimeoutException: Failed to connect within 30000 ms
	at kafka.controller.RequestSendThread.brokerReady(ControllerChannelManager.scala:280)
	at kafka.controller.RequestSendThread.doWork(ControllerChannelManager.scala:233)
	at kafka.utils.ShutdownableThread.run(ShutdownableThread.scala:82)
[2019-02-27 13:01:04,414] WARN [RequestSendThread controllerId=0] Controller 0's connection to broker fe80:0:0:0:14ec:8eff:feb0:2747%12:9092 (id: 0 rack: null) was unsuccessful (kafka.controller.RequestSendThread)
java.net.SocketTimeoutException: Failed to connect within 30000 ms
	at kafka.controller.RequestSendThread.brokerReady(ControllerChannelManager.scala:280)
	at kafka.controller.RequestSendThread.doWork(ControllerChannelManager.scala:233)
	at kafka.utils.ShutdownableThread.run(ShutdownableThread.scala:82)
[2019-02-27 13:01:34,528] WARN [RequestSendThread controllerId=0] Controller 0's connection to broker fe80:0:0:0:14ec:8eff:feb0:2747%12:9092 (id: 0 rack: null) was unsuccessful (kafka.controller.RequestSendThread)
java.net.SocketTimeoutException: Failed to connect within 30000 ms
	at kafka.controller.RequestSendThread.brokerReady(ControllerChannelManager.scala:280)
	at kafka.controller.RequestSendThread.doWork(ControllerChannelManager.scala:233)
	at kafka.utils.ShutdownableThread.run(ShutdownableThread.scala:82)
[2019-02-27 13:02:04,637] WARN [RequestSendThread controllerId=0] Controller 0's connection to broker fe80:0:0:0:14ec:8eff:feb0:2747%12:9092 (id: 0 rack: null) was unsuccessful (kafka.controller.RequestSendThread)
java.net.SocketTimeoutException: Failed to connect within 30000 ms
	at kafka.controller.RequestSendThread.brokerReady(ControllerChannelManager.scala:280)
	at kafka.controller.RequestSendThread.doWork(ControllerChannelManager.scala:233)
	at kafka.utils.ShutdownableThread.run(ShutdownableThread.scala:82)
[2019-02-27 13:02:34,752] WARN [RequestSendThread controllerId=0] Controller 0's connection to broker fe80:0:0:0:14ec:8eff:feb0:2747%12:9092 (id: 0 rack: null) was unsuccessful (kafka.controller.RequestSendThread)
java.net.SocketTimeoutException: Failed to connect within 30000 ms
	at kafka.controller.RequestSendThread.brokerReady(ControllerChannelManager.scala:280)
	at kafka.controller.RequestSendThread.doWork(ControllerChannelManager.scala:233)
	at kafka.utils.ShutdownableThread.run(ShutdownableThread.scala:82)
[2019-02-27 13:03:04,867] WARN [RequestSendThread controllerId=0] Controller 0's connection to broker fe80:0:0:0:14ec:8eff:feb0:2747%12:9092 (id: 0 rack: null) was unsuccessful (kafka.controller.RequestSendThread)
java.net.SocketTimeoutException: Failed to connect within 30000 ms
	at kafka.controller.RequestSendThread.brokerReady(ControllerChannelManager.scala:280)
	at kafka.controller.RequestSendThread.doWork(ControllerChannelManager.scala:233)
	at kafka.utils.ShutdownableThread.run(ShutdownableThread.scala:82)
[2019-02-27 13:03:09,136] TRACE [Controller id=0] Checking need to trigger auto leader balancing (kafka.controller.KafkaController)
[2019-02-27 13:03:09,137] DEBUG [Controller id=0] Preferred replicas by broker Map(0 -> Map(__consumer_offsets-22 -> Vector(0), __consumer_offsets-30 -> Vector(0), __consumer_offsets-8 -> Vector(0), __consumer_offsets-21 -> Vector(0), __consumer_offsets-4 -> Vector(0), __consumer_offsets-27 -> Vector(0), __consumer_offsets-7 -> Vector(0), __consumer_offsets-9 -> Vector(0), __consumer_offsets-46 -> Vector(0), __consumer_offsets-25 -> Vector(0), topic-user-lifecycle-0 -> Vector(0), __consumer_offsets-35 -> Vector(0), __consumer_offsets-41 -> Vector(0), __consumer_offsets-33 -> Vector(0), __consumer_offsets-23 -> Vector(0), __consumer_offsets-49 -> Vector(0), __consumer_offsets-47 -> Vector(0), __consumer_offsets-16 -> Vector(0), __consumer_offsets-28 -> Vector(0), __consumer_offsets-31 -> Vector(0), topic-user-lifecycle-creation-1 -> Vector(0), __consumer_offsets-36 -> Vector(0), __consumer_offsets-42 -> Vector(0), __consumer_offsets-3 -> Vector(0), __consumer_offsets-18 -> Vector(0), topic-project-lifecycle-creation-0 -> Vector(0), __consumer_offsets-37 -> Vector(0), __consumer_offsets-15 -> Vector(0), __consumer_offsets-24 -> Vector(0), __consumer_offsets-38 -> Vector(0), __consumer_offsets-17 -> Vector(0), __consumer_offsets-48 -> Vector(0), __consumer_offsets-19 -> Vector(0), __consumer_offsets-11 -> Vector(0), topic-project-lifecycle-update-0 -> Vector(0), __consumer_offsets-13 -> Vector(0), __consumer_offsets-2 -> Vector(0), __consumer_offsets-43 -> Vector(0), __consumer_offsets-6 -> Vector(0), topic-user-lifecycle-creation-0 -> Vector(0), __consumer_offsets-14 -> Vector(0), __consumer_offsets-20 -> Vector(0), __consumer_offsets-0 -> Vector(0), __consumer_offsets-44 -> Vector(0), __consumer_offsets-39 -> Vector(0), __consumer_offsets-12 -> Vector(0), topic-user-lifecycle-update-0 -> Vector(0), __consumer_offsets-45 -> Vector(0), __consumer_offsets-1 -> Vector(0), __consumer_offsets-5 -> Vector(0), __consumer_offsets-26 -> Vector(0), __consumer_offsets-29 -> Vector(0), __consumer_offsets-34 -> Vector(0), __consumer_offsets-10 -> Vector(0), __consumer_offsets-32 -> Vector(0), __consumer_offsets-40 -> Vector(0), topic-user-lifecycle-update-1 -> Vector(0))) (kafka.controller.KafkaController)
[2019-02-27 13:03:09,137] DEBUG [Controller id=0] Topics not in preferred replica for broker 0 Map() (kafka.controller.KafkaController)
[2019-02-27 13:03:09,137] TRACE [Controller id=0] Leader imbalance ratio for broker 0 is 0.0 (kafka.controller.KafkaController)
[2019-02-27 13:03:34,978] WARN [RequestSendThread controllerId=0] Controller 0's connection to broker fe80:0:0:0:14ec:8eff:feb0:2747%12:9092 (id: 0 rack: null) was unsuccessful (kafka.controller.RequestSendThread)
java.net.SocketTimeoutException: Failed to connect within 30000 ms
	at kafka.controller.RequestSendThread.brokerReady(ControllerChannelManager.scala:280)
	at kafka.controller.RequestSendThread.doWork(ControllerChannelManager.scala:233)
	at kafka.utils.ShutdownableThread.run(ShutdownableThread.scala:82)
[2019-02-27 13:04:05,087] WARN [RequestSendThread controllerId=0] Controller 0's connection to broker fe80:0:0:0:14ec:8eff:feb0:2747%12:9092 (id: 0 rack: null) was unsuccessful (kafka.controller.RequestSendThread)
java.net.SocketTimeoutException: Failed to connect within 30000 ms
	at kafka.controller.RequestSendThread.brokerReady(ControllerChannelManager.scala:280)
	at kafka.controller.RequestSendThread.doWork(ControllerChannelManager.scala:233)
	at kafka.utils.ShutdownableThread.run(ShutdownableThread.scala:82)
[2019-02-27 13:04:35,200] WARN [RequestSendThread controllerId=0] Controller 0's connection to broker fe80:0:0:0:14ec:8eff:feb0:2747%12:9092 (id: 0 rack: null) was unsuccessful (kafka.controller.RequestSendThread)
java.net.SocketTimeoutException: Failed to connect within 30000 ms
	at kafka.controller.RequestSendThread.brokerReady(ControllerChannelManager.scala:280)
	at kafka.controller.RequestSendThread.doWork(ControllerChannelManager.scala:233)
	at kafka.utils.ShutdownableThread.run(ShutdownableThread.scala:82)
[2019-02-27 13:05:05,311] WARN [RequestSendThread controllerId=0] Controller 0's connection to broker fe80:0:0:0:14ec:8eff:feb0:2747%12:9092 (id: 0 rack: null) was unsuccessful (kafka.controller.RequestSendThread)
java.net.SocketTimeoutException: Failed to connect within 30000 ms
	at kafka.controller.RequestSendThread.brokerReady(ControllerChannelManager.scala:280)
	at kafka.controller.RequestSendThread.doWork(ControllerChannelManager.scala:233)
	at kafka.utils.ShutdownableThread.run(ShutdownableThread.scala:82)
[2019-02-27 13:05:35,423] WARN [RequestSendThread controllerId=0] Controller 0's connection to broker fe80:0:0:0:14ec:8eff:feb0:2747%12:9092 (id: 0 rack: null) was unsuccessful (kafka.controller.RequestSendThread)
java.net.SocketTimeoutException: Failed to connect within 30000 ms
	at kafka.controller.RequestSendThread.brokerReady(ControllerChannelManager.scala:280)
	at kafka.controller.RequestSendThread.doWork(ControllerChannelManager.scala:233)
	at kafka.utils.ShutdownableThread.run(ShutdownableThread.scala:82)
[2019-02-27 13:06:05,539] WARN [RequestSendThread controllerId=0] Controller 0's connection to broker fe80:0:0:0:14ec:8eff:feb0:2747%12:9092 (id: 0 rack: null) was unsuccessful (kafka.controller.RequestSendThread)
java.net.SocketTimeoutException: Failed to connect within 30000 ms
	at kafka.controller.RequestSendThread.brokerReady(ControllerChannelManager.scala:280)
	at kafka.controller.RequestSendThread.doWork(ControllerChannelManager.scala:233)
	at kafka.utils.ShutdownableThread.run(ShutdownableThread.scala:82)
[2019-02-27 13:06:35,653] WARN [RequestSendThread controllerId=0] Controller 0's connection to broker fe80:0:0:0:14ec:8eff:feb0:2747%12:9092 (id: 0 rack: null) was unsuccessful (kafka.controller.RequestSendThread)
java.net.SocketTimeoutException: Failed to connect within 30000 ms
	at kafka.controller.RequestSendThread.brokerReady(ControllerChannelManager.scala:280)
	at kafka.controller.RequestSendThread.doWork(ControllerChannelManager.scala:233)
	at kafka.utils.ShutdownableThread.run(ShutdownableThread.scala:82)
[2019-02-27 13:07:05,761] WARN [RequestSendThread controllerId=0] Controller 0's connection to broker fe80:0:0:0:14ec:8eff:feb0:2747%12:9092 (id: 0 rack: null) was unsuccessful (kafka.controller.RequestSendThread)
java.net.SocketTimeoutException: Failed to connect within 30000 ms
	at kafka.controller.RequestSendThread.brokerReady(ControllerChannelManager.scala:280)
	at kafka.controller.RequestSendThread.doWork(ControllerChannelManager.scala:233)
	at kafka.utils.ShutdownableThread.run(ShutdownableThread.scala:82)
[2019-02-27 13:07:35,865] WARN [RequestSendThread controllerId=0] Controller 0's connection to broker fe80:0:0:0:14ec:8eff:feb0:2747%12:9092 (id: 0 rack: null) was unsuccessful (kafka.controller.RequestSendThread)
java.net.SocketTimeoutException: Failed to connect within 30000 ms
	at kafka.controller.RequestSendThread.brokerReady(ControllerChannelManager.scala:280)
	at kafka.controller.RequestSendThread.doWork(ControllerChannelManager.scala:233)
	at kafka.utils.ShutdownableThread.run(ShutdownableThread.scala:82)
[2019-02-27 13:08:05,979] WARN [RequestSendThread controllerId=0] Controller 0's connection to broker fe80:0:0:0:14ec:8eff:feb0:2747%12:9092 (id: 0 rack: null) was unsuccessful (kafka.controller.RequestSendThread)
java.net.SocketTimeoutException: Failed to connect within 30000 ms
	at kafka.controller.RequestSendThread.brokerReady(ControllerChannelManager.scala:280)
	at kafka.controller.RequestSendThread.doWork(ControllerChannelManager.scala:233)
	at kafka.utils.ShutdownableThread.run(ShutdownableThread.scala:82)
[2019-02-27 13:08:09,150] TRACE [Controller id=0] Checking need to trigger auto leader balancing (kafka.controller.KafkaController)
[2019-02-27 13:08:09,150] DEBUG [Controller id=0] Preferred replicas by broker Map(0 -> Map(__consumer_offsets-22 -> Vector(0), __consumer_offsets-30 -> Vector(0), __consumer_offsets-8 -> Vector(0), __consumer_offsets-21 -> Vector(0), __consumer_offsets-4 -> Vector(0), __consumer_offsets-27 -> Vector(0), __consumer_offsets-7 -> Vector(0), __consumer_offsets-9 -> Vector(0), __consumer_offsets-46 -> Vector(0), __consumer_offsets-25 -> Vector(0), topic-user-lifecycle-0 -> Vector(0), __consumer_offsets-35 -> Vector(0), __consumer_offsets-41 -> Vector(0), __consumer_offsets-33 -> Vector(0), __consumer_offsets-23 -> Vector(0), __consumer_offsets-49 -> Vector(0), __consumer_offsets-47 -> Vector(0), __consumer_offsets-16 -> Vector(0), __consumer_offsets-28 -> Vector(0), __consumer_offsets-31 -> Vector(0), topic-user-lifecycle-creation-1 -> Vector(0), __consumer_offsets-36 -> Vector(0), __consumer_offsets-42 -> Vector(0), __consumer_offsets-3 -> Vector(0), __consumer_offsets-18 -> Vector(0), topic-project-lifecycle-creation-0 -> Vector(0), __consumer_offsets-37 -> Vector(0), __consumer_offsets-15 -> Vector(0), __consumer_offsets-24 -> Vector(0), __consumer_offsets-38 -> Vector(0), __consumer_offsets-17 -> Vector(0), __consumer_offsets-48 -> Vector(0), __consumer_offsets-19 -> Vector(0), __consumer_offsets-11 -> Vector(0), topic-project-lifecycle-update-0 -> Vector(0), __consumer_offsets-13 -> Vector(0), __consumer_offsets-2 -> Vector(0), __consumer_offsets-43 -> Vector(0), __consumer_offsets-6 -> Vector(0), topic-user-lifecycle-creation-0 -> Vector(0), __consumer_offsets-14 -> Vector(0), __consumer_offsets-20 -> Vector(0), __consumer_offsets-0 -> Vector(0), __consumer_offsets-44 -> Vector(0), __consumer_offsets-39 -> Vector(0), __consumer_offsets-12 -> Vector(0), topic-user-lifecycle-update-0 -> Vector(0), __consumer_offsets-45 -> Vector(0), __consumer_offsets-1 -> Vector(0), __consumer_offsets-5 -> Vector(0), __consumer_offsets-26 -> Vector(0), __consumer_offsets-29 -> Vector(0), __consumer_offsets-34 -> Vector(0), __consumer_offsets-10 -> Vector(0), __consumer_offsets-32 -> Vector(0), __consumer_offsets-40 -> Vector(0), topic-user-lifecycle-update-1 -> Vector(0))) (kafka.controller.KafkaController)
[2019-02-27 13:08:09,150] DEBUG [Controller id=0] Topics not in preferred replica for broker 0 Map() (kafka.controller.KafkaController)
[2019-02-27 13:08:09,151] TRACE [Controller id=0] Leader imbalance ratio for broker 0 is 0.0 (kafka.controller.KafkaController)
[2019-02-27 13:08:36,094] WARN [RequestSendThread controllerId=0] Controller 0's connection to broker fe80:0:0:0:14ec:8eff:feb0:2747%12:9092 (id: 0 rack: null) was unsuccessful (kafka.controller.RequestSendThread)
java.net.SocketTimeoutException: Failed to connect within 30000 ms
	at kafka.controller.RequestSendThread.brokerReady(ControllerChannelManager.scala:280)
	at kafka.controller.RequestSendThread.doWork(ControllerChannelManager.scala:233)
	at kafka.utils.ShutdownableThread.run(ShutdownableThread.scala:82)
[2019-02-27 13:09:06,203] WARN [RequestSendThread controllerId=0] Controller 0's connection to broker fe80:0:0:0:14ec:8eff:feb0:2747%12:9092 (id: 0 rack: null) was unsuccessful (kafka.controller.RequestSendThread)
java.net.SocketTimeoutException: Failed to connect within 30000 ms
	at kafka.controller.RequestSendThread.brokerReady(ControllerChannelManager.scala:280)
	at kafka.controller.RequestSendThread.doWork(ControllerChannelManager.scala:233)
	at kafka.utils.ShutdownableThread.run(ShutdownableThread.scala:82)
[2019-02-27 13:09:36,319] WARN [RequestSendThread controllerId=0] Controller 0's connection to broker fe80:0:0:0:14ec:8eff:feb0:2747%12:9092 (id: 0 rack: null) was unsuccessful (kafka.controller.RequestSendThread)
java.net.SocketTimeoutException: Failed to connect within 30000 ms
	at kafka.controller.RequestSendThread.brokerReady(ControllerChannelManager.scala:280)
	at kafka.controller.RequestSendThread.doWork(ControllerChannelManager.scala:233)
	at kafka.utils.ShutdownableThread.run(ShutdownableThread.scala:82)
[2019-02-27 13:10:06,435] WARN [RequestSendThread controllerId=0] Controller 0's connection to broker fe80:0:0:0:14ec:8eff:feb0:2747%12:9092 (id: 0 rack: null) was unsuccessful (kafka.controller.RequestSendThread)
java.net.SocketTimeoutException: Failed to connect within 30000 ms
	at kafka.controller.RequestSendThread.brokerReady(ControllerChannelManager.scala:280)
	at kafka.controller.RequestSendThread.doWork(ControllerChannelManager.scala:233)
	at kafka.utils.ShutdownableThread.run(ShutdownableThread.scala:82)
[2019-02-27 13:10:36,545] WARN [RequestSendThread controllerId=0] Controller 0's connection to broker fe80:0:0:0:14ec:8eff:feb0:2747%12:9092 (id: 0 rack: null) was unsuccessful (kafka.controller.RequestSendThread)
java.net.SocketTimeoutException: Failed to connect within 30000 ms
	at kafka.controller.RequestSendThread.brokerReady(ControllerChannelManager.scala:280)
	at kafka.controller.RequestSendThread.doWork(ControllerChannelManager.scala:233)
	at kafka.utils.ShutdownableThread.run(ShutdownableThread.scala:82)
[2019-02-27 13:11:06,662] WARN [RequestSendThread controllerId=0] Controller 0's connection to broker fe80:0:0:0:14ec:8eff:feb0:2747%12:9092 (id: 0 rack: null) was unsuccessful (kafka.controller.RequestSendThread)
java.net.SocketTimeoutException: Failed to connect within 30000 ms
	at kafka.controller.RequestSendThread.brokerReady(ControllerChannelManager.scala:280)
	at kafka.controller.RequestSendThread.doWork(ControllerChannelManager.scala:233)
	at kafka.utils.ShutdownableThread.run(ShutdownableThread.scala:82)
[2019-02-27 13:11:36,766] WARN [RequestSendThread controllerId=0] Controller 0's connection to broker fe80:0:0:0:14ec:8eff:feb0:2747%12:9092 (id: 0 rack: null) was unsuccessful (kafka.controller.RequestSendThread)
java.net.SocketTimeoutException: Failed to connect within 30000 ms
	at kafka.controller.RequestSendThread.brokerReady(ControllerChannelManager.scala:280)
	at kafka.controller.RequestSendThread.doWork(ControllerChannelManager.scala:233)
	at kafka.utils.ShutdownableThread.run(ShutdownableThread.scala:82)
[2019-02-27 13:12:06,876] WARN [RequestSendThread controllerId=0] Controller 0's connection to broker fe80:0:0:0:14ec:8eff:feb0:2747%12:9092 (id: 0 rack: null) was unsuccessful (kafka.controller.RequestSendThread)
java.net.SocketTimeoutException: Failed to connect within 30000 ms
	at kafka.controller.RequestSendThread.brokerReady(ControllerChannelManager.scala:280)
	at kafka.controller.RequestSendThread.doWork(ControllerChannelManager.scala:233)
	at kafka.utils.ShutdownableThread.run(ShutdownableThread.scala:82)
[2019-02-27 13:12:36,984] WARN [RequestSendThread controllerId=0] Controller 0's connection to broker fe80:0:0:0:14ec:8eff:feb0:2747%12:9092 (id: 0 rack: null) was unsuccessful (kafka.controller.RequestSendThread)
java.net.SocketTimeoutException: Failed to connect within 30000 ms
	at kafka.controller.RequestSendThread.brokerReady(ControllerChannelManager.scala:280)
	at kafka.controller.RequestSendThread.doWork(ControllerChannelManager.scala:233)
	at kafka.utils.ShutdownableThread.run(ShutdownableThread.scala:82)
[2019-02-27 13:13:07,092] WARN [RequestSendThread controllerId=0] Controller 0's connection to broker fe80:0:0:0:14ec:8eff:feb0:2747%12:9092 (id: 0 rack: null) was unsuccessful (kafka.controller.RequestSendThread)
java.net.SocketTimeoutException: Failed to connect within 30000 ms
	at kafka.controller.RequestSendThread.brokerReady(ControllerChannelManager.scala:280)
	at kafka.controller.RequestSendThread.doWork(ControllerChannelManager.scala:233)
	at kafka.utils.ShutdownableThread.run(ShutdownableThread.scala:82)
[2019-02-27 13:13:09,167] TRACE [Controller id=0] Checking need to trigger auto leader balancing (kafka.controller.KafkaController)
[2019-02-27 13:13:09,167] DEBUG [Controller id=0] Preferred replicas by broker Map(0 -> Map(__consumer_offsets-22 -> Vector(0), __consumer_offsets-30 -> Vector(0), __consumer_offsets-8 -> Vector(0), __consumer_offsets-21 -> Vector(0), __consumer_offsets-4 -> Vector(0), __consumer_offsets-27 -> Vector(0), __consumer_offsets-7 -> Vector(0), __consumer_offsets-9 -> Vector(0), __consumer_offsets-46 -> Vector(0), __consumer_offsets-25 -> Vector(0), topic-user-lifecycle-0 -> Vector(0), __consumer_offsets-35 -> Vector(0), __consumer_offsets-41 -> Vector(0), __consumer_offsets-33 -> Vector(0), __consumer_offsets-23 -> Vector(0), __consumer_offsets-49 -> Vector(0), __consumer_offsets-47 -> Vector(0), __consumer_offsets-16 -> Vector(0), __consumer_offsets-28 -> Vector(0), __consumer_offsets-31 -> Vector(0), topic-user-lifecycle-creation-1 -> Vector(0), __consumer_offsets-36 -> Vector(0), __consumer_offsets-42 -> Vector(0), __consumer_offsets-3 -> Vector(0), __consumer_offsets-18 -> Vector(0), topic-project-lifecycle-creation-0 -> Vector(0), __consumer_offsets-37 -> Vector(0), __consumer_offsets-15 -> Vector(0), __consumer_offsets-24 -> Vector(0), __consumer_offsets-38 -> Vector(0), __consumer_offsets-17 -> Vector(0), __consumer_offsets-48 -> Vector(0), __consumer_offsets-19 -> Vector(0), __consumer_offsets-11 -> Vector(0), topic-project-lifecycle-update-0 -> Vector(0), __consumer_offsets-13 -> Vector(0), __consumer_offsets-2 -> Vector(0), __consumer_offsets-43 -> Vector(0), __consumer_offsets-6 -> Vector(0), topic-user-lifecycle-creation-0 -> Vector(0), __consumer_offsets-14 -> Vector(0), __consumer_offsets-20 -> Vector(0), __consumer_offsets-0 -> Vector(0), __consumer_offsets-44 -> Vector(0), __consumer_offsets-39 -> Vector(0), __consumer_offsets-12 -> Vector(0), topic-user-lifecycle-update-0 -> Vector(0), __consumer_offsets-45 -> Vector(0), __consumer_offsets-1 -> Vector(0), __consumer_offsets-5 -> Vector(0), __consumer_offsets-26 -> Vector(0), __consumer_offsets-29 -> Vector(0), __consumer_offsets-34 -> Vector(0), __consumer_offsets-10 -> Vector(0), __consumer_offsets-32 -> Vector(0), __consumer_offsets-40 -> Vector(0), topic-user-lifecycle-update-1 -> Vector(0))) (kafka.controller.KafkaController)
[2019-02-27 13:13:09,167] DEBUG [Controller id=0] Topics not in preferred replica for broker 0 Map() (kafka.controller.KafkaController)
[2019-02-27 13:13:09,167] TRACE [Controller id=0] Leader imbalance ratio for broker 0 is 0.0 (kafka.controller.KafkaController)
[2019-02-27 13:13:37,200] WARN [RequestSendThread controllerId=0] Controller 0's connection to broker fe80:0:0:0:14ec:8eff:feb0:2747%12:9092 (id: 0 rack: null) was unsuccessful (kafka.controller.RequestSendThread)
java.net.SocketTimeoutException: Failed to connect within 30000 ms
	at kafka.controller.RequestSendThread.brokerReady(ControllerChannelManager.scala:280)
	at kafka.controller.RequestSendThread.doWork(ControllerChannelManager.scala:233)
	at kafka.utils.ShutdownableThread.run(ShutdownableThread.scala:82)
[2019-02-27 13:14:07,307] WARN [RequestSendThread controllerId=0] Controller 0's connection to broker fe80:0:0:0:14ec:8eff:feb0:2747%12:9092 (id: 0 rack: null) was unsuccessful (kafka.controller.RequestSendThread)
java.net.SocketTimeoutException: Failed to connect within 30000 ms
	at kafka.controller.RequestSendThread.brokerReady(ControllerChannelManager.scala:280)
	at kafka.controller.RequestSendThread.doWork(ControllerChannelManager.scala:233)
	at kafka.utils.ShutdownableThread.run(ShutdownableThread.scala:82)
[2019-02-27 13:14:37,413] WARN [RequestSendThread controllerId=0] Controller 0's connection to broker fe80:0:0:0:14ec:8eff:feb0:2747%12:9092 (id: 0 rack: null) was unsuccessful (kafka.controller.RequestSendThread)
java.net.SocketTimeoutException: Failed to connect within 30000 ms
	at kafka.controller.RequestSendThread.brokerReady(ControllerChannelManager.scala:280)
	at kafka.controller.RequestSendThread.doWork(ControllerChannelManager.scala:233)
	at kafka.utils.ShutdownableThread.run(ShutdownableThread.scala:82)
[2019-02-27 13:15:07,515] WARN [RequestSendThread controllerId=0] Controller 0's connection to broker fe80:0:0:0:14ec:8eff:feb0:2747%12:9092 (id: 0 rack: null) was unsuccessful (kafka.controller.RequestSendThread)
java.net.SocketTimeoutException: Failed to connect within 30000 ms
	at kafka.controller.RequestSendThread.brokerReady(ControllerChannelManager.scala:280)
	at kafka.controller.RequestSendThread.doWork(ControllerChannelManager.scala:233)
	at kafka.utils.ShutdownableThread.run(ShutdownableThread.scala:82)
[2019-02-27 13:15:37,622] WARN [RequestSendThread controllerId=0] Controller 0's connection to broker fe80:0:0:0:14ec:8eff:feb0:2747%12:9092 (id: 0 rack: null) was unsuccessful (kafka.controller.RequestSendThread)
java.net.SocketTimeoutException: Failed to connect within 30000 ms
	at kafka.controller.RequestSendThread.brokerReady(ControllerChannelManager.scala:280)
	at kafka.controller.RequestSendThread.doWork(ControllerChannelManager.scala:233)
	at kafka.utils.ShutdownableThread.run(ShutdownableThread.scala:82)
[2019-02-27 13:16:07,730] WARN [RequestSendThread controllerId=0] Controller 0's connection to broker fe80:0:0:0:14ec:8eff:feb0:2747%12:9092 (id: 0 rack: null) was unsuccessful (kafka.controller.RequestSendThread)
java.net.SocketTimeoutException: Failed to connect within 30000 ms
	at kafka.controller.RequestSendThread.brokerReady(ControllerChannelManager.scala:280)
	at kafka.controller.RequestSendThread.doWork(ControllerChannelManager.scala:233)
	at kafka.utils.ShutdownableThread.run(ShutdownableThread.scala:82)
[2019-02-27 13:16:37,834] WARN [RequestSendThread controllerId=0] Controller 0's connection to broker fe80:0:0:0:14ec:8eff:feb0:2747%12:9092 (id: 0 rack: null) was unsuccessful (kafka.controller.RequestSendThread)
java.net.SocketTimeoutException: Failed to connect within 30000 ms
	at kafka.controller.RequestSendThread.brokerReady(ControllerChannelManager.scala:280)
	at kafka.controller.RequestSendThread.doWork(ControllerChannelManager.scala:233)
	at kafka.utils.ShutdownableThread.run(ShutdownableThread.scala:82)
[2019-02-27 13:17:07,938] WARN [RequestSendThread controllerId=0] Controller 0's connection to broker fe80:0:0:0:14ec:8eff:feb0:2747%12:9092 (id: 0 rack: null) was unsuccessful (kafka.controller.RequestSendThread)
java.net.SocketTimeoutException: Failed to connect within 30000 ms
	at kafka.controller.RequestSendThread.brokerReady(ControllerChannelManager.scala:280)
	at kafka.controller.RequestSendThread.doWork(ControllerChannelManager.scala:233)
	at kafka.utils.ShutdownableThread.run(ShutdownableThread.scala:82)
[2019-02-27 13:17:38,048] WARN [RequestSendThread controllerId=0] Controller 0's connection to broker fe80:0:0:0:14ec:8eff:feb0:2747%12:9092 (id: 0 rack: null) was unsuccessful (kafka.controller.RequestSendThread)
java.net.SocketTimeoutException: Failed to connect within 30000 ms
	at kafka.controller.RequestSendThread.brokerReady(ControllerChannelManager.scala:280)
	at kafka.controller.RequestSendThread.doWork(ControllerChannelManager.scala:233)
	at kafka.utils.ShutdownableThread.run(ShutdownableThread.scala:82)
[2019-02-27 13:18:08,156] WARN [RequestSendThread controllerId=0] Controller 0's connection to broker fe80:0:0:0:14ec:8eff:feb0:2747%12:9092 (id: 0 rack: null) was unsuccessful (kafka.controller.RequestSendThread)
java.net.SocketTimeoutException: Failed to connect within 30000 ms
	at kafka.controller.RequestSendThread.brokerReady(ControllerChannelManager.scala:280)
	at kafka.controller.RequestSendThread.doWork(ControllerChannelManager.scala:233)
	at kafka.utils.ShutdownableThread.run(ShutdownableThread.scala:82)
[2019-02-27 13:18:09,181] TRACE [Controller id=0] Checking need to trigger auto leader balancing (kafka.controller.KafkaController)
[2019-02-27 13:18:09,182] DEBUG [Controller id=0] Preferred replicas by broker Map(0 -> Map(__consumer_offsets-22 -> Vector(0), __consumer_offsets-30 -> Vector(0), __consumer_offsets-8 -> Vector(0), __consumer_offsets-21 -> Vector(0), __consumer_offsets-4 -> Vector(0), __consumer_offsets-27 -> Vector(0), __consumer_offsets-7 -> Vector(0), __consumer_offsets-9 -> Vector(0), __consumer_offsets-46 -> Vector(0), __consumer_offsets-25 -> Vector(0), topic-user-lifecycle-0 -> Vector(0), __consumer_offsets-35 -> Vector(0), __consumer_offsets-41 -> Vector(0), __consumer_offsets-33 -> Vector(0), __consumer_offsets-23 -> Vector(0), __consumer_offsets-49 -> Vector(0), __consumer_offsets-47 -> Vector(0), __consumer_offsets-16 -> Vector(0), __consumer_offsets-28 -> Vector(0), __consumer_offsets-31 -> Vector(0), topic-user-lifecycle-creation-1 -> Vector(0), __consumer_offsets-36 -> Vector(0), __consumer_offsets-42 -> Vector(0), __consumer_offsets-3 -> Vector(0), __consumer_offsets-18 -> Vector(0), topic-project-lifecycle-creation-0 -> Vector(0), __consumer_offsets-37 -> Vector(0), __consumer_offsets-15 -> Vector(0), __consumer_offsets-24 -> Vector(0), __consumer_offsets-38 -> Vector(0), __consumer_offsets-17 -> Vector(0), __consumer_offsets-48 -> Vector(0), __consumer_offsets-19 -> Vector(0), __consumer_offsets-11 -> Vector(0), topic-project-lifecycle-update-0 -> Vector(0), __consumer_offsets-13 -> Vector(0), __consumer_offsets-2 -> Vector(0), __consumer_offsets-43 -> Vector(0), __consumer_offsets-6 -> Vector(0), topic-user-lifecycle-creation-0 -> Vector(0), __consumer_offsets-14 -> Vector(0), __consumer_offsets-20 -> Vector(0), __consumer_offsets-0 -> Vector(0), __consumer_offsets-44 -> Vector(0), __consumer_offsets-39 -> Vector(0), __consumer_offsets-12 -> Vector(0), topic-user-lifecycle-update-0 -> Vector(0), __consumer_offsets-45 -> Vector(0), __consumer_offsets-1 -> Vector(0), __consumer_offsets-5 -> Vector(0), __consumer_offsets-26 -> Vector(0), __consumer_offsets-29 -> Vector(0), __consumer_offsets-34 -> Vector(0), __consumer_offsets-10 -> Vector(0), __consumer_offsets-32 -> Vector(0), __consumer_offsets-40 -> Vector(0), topic-user-lifecycle-update-1 -> Vector(0))) (kafka.controller.KafkaController)
[2019-02-27 13:18:09,183] DEBUG [Controller id=0] Topics not in preferred replica for broker 0 Map() (kafka.controller.KafkaController)
[2019-02-27 13:18:09,183] TRACE [Controller id=0] Leader imbalance ratio for broker 0 is 0.0 (kafka.controller.KafkaController)
[2019-02-27 13:18:38,264] WARN [RequestSendThread controllerId=0] Controller 0's connection to broker fe80:0:0:0:14ec:8eff:feb0:2747%12:9092 (id: 0 rack: null) was unsuccessful (kafka.controller.RequestSendThread)
java.net.SocketTimeoutException: Failed to connect within 30000 ms
	at kafka.controller.RequestSendThread.brokerReady(ControllerChannelManager.scala:280)
	at kafka.controller.RequestSendThread.doWork(ControllerChannelManager.scala:233)
	at kafka.utils.ShutdownableThread.run(ShutdownableThread.scala:82)
[2019-02-27 13:19:08,368] WARN [RequestSendThread controllerId=0] Controller 0's connection to broker fe80:0:0:0:14ec:8eff:feb0:2747%12:9092 (id: 0 rack: null) was unsuccessful (kafka.controller.RequestSendThread)
java.net.SocketTimeoutException: Failed to connect within 30000 ms
	at kafka.controller.RequestSendThread.brokerReady(ControllerChannelManager.scala:280)
	at kafka.controller.RequestSendThread.doWork(ControllerChannelManager.scala:233)
	at kafka.utils.ShutdownableThread.run(ShutdownableThread.scala:82)
[2019-02-27 13:19:38,478] WARN [RequestSendThread controllerId=0] Controller 0's connection to broker fe80:0:0:0:14ec:8eff:feb0:2747%12:9092 (id: 0 rack: null) was unsuccessful (kafka.controller.RequestSendThread)
java.net.SocketTimeoutException: Failed to connect within 30000 ms
	at kafka.controller.RequestSendThread.brokerReady(ControllerChannelManager.scala:280)
	at kafka.controller.RequestSendThread.doWork(ControllerChannelManager.scala:233)
	at kafka.utils.ShutdownableThread.run(ShutdownableThread.scala:82)
[2019-02-27 13:20:08,583] WARN [RequestSendThread controllerId=0] Controller 0's connection to broker fe80:0:0:0:14ec:8eff:feb0:2747%12:9092 (id: 0 rack: null) was unsuccessful (kafka.controller.RequestSendThread)
java.net.SocketTimeoutException: Failed to connect within 30000 ms
	at kafka.controller.RequestSendThread.brokerReady(ControllerChannelManager.scala:280)
	at kafka.controller.RequestSendThread.doWork(ControllerChannelManager.scala:233)
	at kafka.utils.ShutdownableThread.run(ShutdownableThread.scala:82)
[2019-02-27 13:20:38,690] WARN [RequestSendThread controllerId=0] Controller 0's connection to broker fe80:0:0:0:14ec:8eff:feb0:2747%12:9092 (id: 0 rack: null) was unsuccessful (kafka.controller.RequestSendThread)
java.net.SocketTimeoutException: Failed to connect within 30000 ms
	at kafka.controller.RequestSendThread.brokerReady(ControllerChannelManager.scala:280)
	at kafka.controller.RequestSendThread.doWork(ControllerChannelManager.scala:233)
	at kafka.utils.ShutdownableThread.run(ShutdownableThread.scala:82)
[2019-02-27 13:21:08,797] WARN [RequestSendThread controllerId=0] Controller 0's connection to broker fe80:0:0:0:14ec:8eff:feb0:2747%12:9092 (id: 0 rack: null) was unsuccessful (kafka.controller.RequestSendThread)
java.net.SocketTimeoutException: Failed to connect within 30000 ms
	at kafka.controller.RequestSendThread.brokerReady(ControllerChannelManager.scala:280)
	at kafka.controller.RequestSendThread.doWork(ControllerChannelManager.scala:233)
	at kafka.utils.ShutdownableThread.run(ShutdownableThread.scala:82)
[2019-02-27 13:21:38,903] WARN [RequestSendThread controllerId=0] Controller 0's connection to broker fe80:0:0:0:14ec:8eff:feb0:2747%12:9092 (id: 0 rack: null) was unsuccessful (kafka.controller.RequestSendThread)
java.net.SocketTimeoutException: Failed to connect within 30000 ms
	at kafka.controller.RequestSendThread.brokerReady(ControllerChannelManager.scala:280)
	at kafka.controller.RequestSendThread.doWork(ControllerChannelManager.scala:233)
	at kafka.utils.ShutdownableThread.run(ShutdownableThread.scala:82)
[2019-02-27 13:22:09,015] WARN [RequestSendThread controllerId=0] Controller 0's connection to broker fe80:0:0:0:14ec:8eff:feb0:2747%12:9092 (id: 0 rack: null) was unsuccessful (kafka.controller.RequestSendThread)
java.net.SocketTimeoutException: Failed to connect within 30000 ms
	at kafka.controller.RequestSendThread.brokerReady(ControllerChannelManager.scala:280)
	at kafka.controller.RequestSendThread.doWork(ControllerChannelManager.scala:233)
	at kafka.utils.ShutdownableThread.run(ShutdownableThread.scala:82)
[2019-02-27 13:22:39,122] WARN [RequestSendThread controllerId=0] Controller 0's connection to broker fe80:0:0:0:14ec:8eff:feb0:2747%12:9092 (id: 0 rack: null) was unsuccessful (kafka.controller.RequestSendThread)
java.net.SocketTimeoutException: Failed to connect within 30000 ms
	at kafka.controller.RequestSendThread.brokerReady(ControllerChannelManager.scala:280)
	at kafka.controller.RequestSendThread.doWork(ControllerChannelManager.scala:233)
	at kafka.utils.ShutdownableThread.run(ShutdownableThread.scala:82)
[2019-02-27 13:23:09,198] TRACE [Controller id=0] Checking need to trigger auto leader balancing (kafka.controller.KafkaController)
[2019-02-27 13:23:09,198] DEBUG [Controller id=0] Preferred replicas by broker Map(0 -> Map(__consumer_offsets-22 -> Vector(0), __consumer_offsets-30 -> Vector(0), __consumer_offsets-8 -> Vector(0), __consumer_offsets-21 -> Vector(0), __consumer_offsets-4 -> Vector(0), __consumer_offsets-27 -> Vector(0), __consumer_offsets-7 -> Vector(0), __consumer_offsets-9 -> Vector(0), __consumer_offsets-46 -> Vector(0), __consumer_offsets-25 -> Vector(0), topic-user-lifecycle-0 -> Vector(0), __consumer_offsets-35 -> Vector(0), __consumer_offsets-41 -> Vector(0), __consumer_offsets-33 -> Vector(0), __consumer_offsets-23 -> Vector(0), __consumer_offsets-49 -> Vector(0), __consumer_offsets-47 -> Vector(0), __consumer_offsets-16 -> Vector(0), __consumer_offsets-28 -> Vector(0), __consumer_offsets-31 -> Vector(0), topic-user-lifecycle-creation-1 -> Vector(0), __consumer_offsets-36 -> Vector(0), __consumer_offsets-42 -> Vector(0), __consumer_offsets-3 -> Vector(0), __consumer_offsets-18 -> Vector(0), topic-project-lifecycle-creation-0 -> Vector(0), __consumer_offsets-37 -> Vector(0), __consumer_offsets-15 -> Vector(0), __consumer_offsets-24 -> Vector(0), __consumer_offsets-38 -> Vector(0), __consumer_offsets-17 -> Vector(0), __consumer_offsets-48 -> Vector(0), __consumer_offsets-19 -> Vector(0), __consumer_offsets-11 -> Vector(0), topic-project-lifecycle-update-0 -> Vector(0), __consumer_offsets-13 -> Vector(0), __consumer_offsets-2 -> Vector(0), __consumer_offsets-43 -> Vector(0), __consumer_offsets-6 -> Vector(0), topic-user-lifecycle-creation-0 -> Vector(0), __consumer_offsets-14 -> Vector(0), __consumer_offsets-20 -> Vector(0), __consumer_offsets-0 -> Vector(0), __consumer_offsets-44 -> Vector(0), __consumer_offsets-39 -> Vector(0), __consumer_offsets-12 -> Vector(0), topic-user-lifecycle-update-0 -> Vector(0), __consumer_offsets-45 -> Vector(0), __consumer_offsets-1 -> Vector(0), __consumer_offsets-5 -> Vector(0), __consumer_offsets-26 -> Vector(0), __consumer_offsets-29 -> Vector(0), __consumer_offsets-34 -> Vector(0), __consumer_offsets-10 -> Vector(0), __consumer_offsets-32 -> Vector(0), __consumer_offsets-40 -> Vector(0), topic-user-lifecycle-update-1 -> Vector(0))) (kafka.controller.KafkaController)
[2019-02-27 13:23:09,198] DEBUG [Controller id=0] Topics not in preferred replica for broker 0 Map() (kafka.controller.KafkaController)
[2019-02-27 13:23:09,198] TRACE [Controller id=0] Leader imbalance ratio for broker 0 is 0.0 (kafka.controller.KafkaController)
[2019-02-27 13:23:09,228] WARN [RequestSendThread controllerId=0] Controller 0's connection to broker fe80:0:0:0:14ec:8eff:feb0:2747%12:9092 (id: 0 rack: null) was unsuccessful (kafka.controller.RequestSendThread)
java.net.SocketTimeoutException: Failed to connect within 30000 ms
	at kafka.controller.RequestSendThread.brokerReady(ControllerChannelManager.scala:280)
	at kafka.controller.RequestSendThread.doWork(ControllerChannelManager.scala:233)
	at kafka.utils.ShutdownableThread.run(ShutdownableThread.scala:82)
[2019-02-27 13:23:39,337] WARN [RequestSendThread controllerId=0] Controller 0's connection to broker fe80:0:0:0:14ec:8eff:feb0:2747%12:9092 (id: 0 rack: null) was unsuccessful (kafka.controller.RequestSendThread)
java.net.SocketTimeoutException: Failed to connect within 30000 ms
	at kafka.controller.RequestSendThread.brokerReady(ControllerChannelManager.scala:280)
	at kafka.controller.RequestSendThread.doWork(ControllerChannelManager.scala:233)
	at kafka.utils.ShutdownableThread.run(ShutdownableThread.scala:82)
[2019-02-27 13:24:09,441] WARN [RequestSendThread controllerId=0] Controller 0's connection to broker fe80:0:0:0:14ec:8eff:feb0:2747%12:9092 (id: 0 rack: null) was unsuccessful (kafka.controller.RequestSendThread)
java.net.SocketTimeoutException: Failed to connect within 30000 ms
	at kafka.controller.RequestSendThread.brokerReady(ControllerChannelManager.scala:280)
	at kafka.controller.RequestSendThread.doWork(ControllerChannelManager.scala:233)
	at kafka.utils.ShutdownableThread.run(ShutdownableThread.scala:82)
[2019-02-27 13:24:39,548] WARN [RequestSendThread controllerId=0] Controller 0's connection to broker fe80:0:0:0:14ec:8eff:feb0:2747%12:9092 (id: 0 rack: null) was unsuccessful (kafka.controller.RequestSendThread)
java.net.SocketTimeoutException: Failed to connect within 30000 ms
	at kafka.controller.RequestSendThread.brokerReady(ControllerChannelManager.scala:280)
	at kafka.controller.RequestSendThread.doWork(ControllerChannelManager.scala:233)
	at kafka.utils.ShutdownableThread.run(ShutdownableThread.scala:82)
[2019-02-27 13:25:09,654] WARN [RequestSendThread controllerId=0] Controller 0's connection to broker fe80:0:0:0:14ec:8eff:feb0:2747%12:9092 (id: 0 rack: null) was unsuccessful (kafka.controller.RequestSendThread)
java.net.SocketTimeoutException: Failed to connect within 30000 ms
	at kafka.controller.RequestSendThread.brokerReady(ControllerChannelManager.scala:280)
	at kafka.controller.RequestSendThread.doWork(ControllerChannelManager.scala:233)
	at kafka.utils.ShutdownableThread.run(ShutdownableThread.scala:82)
[2019-02-27 13:25:39,763] WARN [RequestSendThread controllerId=0] Controller 0's connection to broker fe80:0:0:0:14ec:8eff:feb0:2747%12:9092 (id: 0 rack: null) was unsuccessful (kafka.controller.RequestSendThread)
java.net.SocketTimeoutException: Failed to connect within 30000 ms
	at kafka.controller.RequestSendThread.brokerReady(ControllerChannelManager.scala:280)
	at kafka.controller.RequestSendThread.doWork(ControllerChannelManager.scala:233)
	at kafka.utils.ShutdownableThread.run(ShutdownableThread.scala:82)
[2019-02-27 13:26:09,875] WARN [RequestSendThread controllerId=0] Controller 0's connection to broker fe80:0:0:0:14ec:8eff:feb0:2747%12:9092 (id: 0 rack: null) was unsuccessful (kafka.controller.RequestSendThread)
java.net.SocketTimeoutException: Failed to connect within 30000 ms
	at kafka.controller.RequestSendThread.brokerReady(ControllerChannelManager.scala:280)
	at kafka.controller.RequestSendThread.doWork(ControllerChannelManager.scala:233)
	at kafka.utils.ShutdownableThread.run(ShutdownableThread.scala:82)
[2019-02-27 13:26:39,977] WARN [RequestSendThread controllerId=0] Controller 0's connection to broker fe80:0:0:0:14ec:8eff:feb0:2747%12:9092 (id: 0 rack: null) was unsuccessful (kafka.controller.RequestSendThread)
java.net.SocketTimeoutException: Failed to connect within 30000 ms
	at kafka.controller.RequestSendThread.brokerReady(ControllerChannelManager.scala:280)
	at kafka.controller.RequestSendThread.doWork(ControllerChannelManager.scala:233)
	at kafka.utils.ShutdownableThread.run(ShutdownableThread.scala:82)
[2019-02-27 13:27:10,079] WARN [RequestSendThread controllerId=0] Controller 0's connection to broker fe80:0:0:0:14ec:8eff:feb0:2747%12:9092 (id: 0 rack: null) was unsuccessful (kafka.controller.RequestSendThread)
java.net.SocketTimeoutException: Failed to connect within 30000 ms
	at kafka.controller.RequestSendThread.brokerReady(ControllerChannelManager.scala:280)
	at kafka.controller.RequestSendThread.doWork(ControllerChannelManager.scala:233)
	at kafka.utils.ShutdownableThread.run(ShutdownableThread.scala:82)
[2019-02-27 13:27:40,186] WARN [RequestSendThread controllerId=0] Controller 0's connection to broker fe80:0:0:0:14ec:8eff:feb0:2747%12:9092 (id: 0 rack: null) was unsuccessful (kafka.controller.RequestSendThread)
java.net.SocketTimeoutException: Failed to connect within 30000 ms
	at kafka.controller.RequestSendThread.brokerReady(ControllerChannelManager.scala:280)
	at kafka.controller.RequestSendThread.doWork(ControllerChannelManager.scala:233)
	at kafka.utils.ShutdownableThread.run(ShutdownableThread.scala:82)
[2019-02-27 13:28:09,209] TRACE [Controller id=0] Checking need to trigger auto leader balancing (kafka.controller.KafkaController)
[2019-02-27 13:28:09,210] DEBUG [Controller id=0] Preferred replicas by broker Map(0 -> Map(__consumer_offsets-22 -> Vector(0), __consumer_offsets-30 -> Vector(0), __consumer_offsets-8 -> Vector(0), __consumer_offsets-21 -> Vector(0), __consumer_offsets-4 -> Vector(0), __consumer_offsets-27 -> Vector(0), __consumer_offsets-7 -> Vector(0), __consumer_offsets-9 -> Vector(0), __consumer_offsets-46 -> Vector(0), __consumer_offsets-25 -> Vector(0), topic-user-lifecycle-0 -> Vector(0), __consumer_offsets-35 -> Vector(0), __consumer_offsets-41 -> Vector(0), __consumer_offsets-33 -> Vector(0), __consumer_offsets-23 -> Vector(0), __consumer_offsets-49 -> Vector(0), __consumer_offsets-47 -> Vector(0), __consumer_offsets-16 -> Vector(0), __consumer_offsets-28 -> Vector(0), __consumer_offsets-31 -> Vector(0), topic-user-lifecycle-creation-1 -> Vector(0), __consumer_offsets-36 -> Vector(0), __consumer_offsets-42 -> Vector(0), __consumer_offsets-3 -> Vector(0), __consumer_offsets-18 -> Vector(0), topic-project-lifecycle-creation-0 -> Vector(0), __consumer_offsets-37 -> Vector(0), __consumer_offsets-15 -> Vector(0), __consumer_offsets-24 -> Vector(0), __consumer_offsets-38 -> Vector(0), __consumer_offsets-17 -> Vector(0), __consumer_offsets-48 -> Vector(0), __consumer_offsets-19 -> Vector(0), __consumer_offsets-11 -> Vector(0), topic-project-lifecycle-update-0 -> Vector(0), __consumer_offsets-13 -> Vector(0), __consumer_offsets-2 -> Vector(0), __consumer_offsets-43 -> Vector(0), __consumer_offsets-6 -> Vector(0), topic-user-lifecycle-creation-0 -> Vector(0), __consumer_offsets-14 -> Vector(0), __consumer_offsets-20 -> Vector(0), __consumer_offsets-0 -> Vector(0), __consumer_offsets-44 -> Vector(0), __consumer_offsets-39 -> Vector(0), __consumer_offsets-12 -> Vector(0), topic-user-lifecycle-update-0 -> Vector(0), __consumer_offsets-45 -> Vector(0), __consumer_offsets-1 -> Vector(0), __consumer_offsets-5 -> Vector(0), __consumer_offsets-26 -> Vector(0), __consumer_offsets-29 -> Vector(0), __consumer_offsets-34 -> Vector(0), __consumer_offsets-10 -> Vector(0), __consumer_offsets-32 -> Vector(0), __consumer_offsets-40 -> Vector(0), topic-user-lifecycle-update-1 -> Vector(0))) (kafka.controller.KafkaController)
[2019-02-27 13:28:09,210] DEBUG [Controller id=0] Topics not in preferred replica for broker 0 Map() (kafka.controller.KafkaController)
[2019-02-27 13:28:09,210] TRACE [Controller id=0] Leader imbalance ratio for broker 0 is 0.0 (kafka.controller.KafkaController)
[2019-02-27 13:28:10,293] WARN [RequestSendThread controllerId=0] Controller 0's connection to broker fe80:0:0:0:14ec:8eff:feb0:2747%12:9092 (id: 0 rack: null) was unsuccessful (kafka.controller.RequestSendThread)
java.net.SocketTimeoutException: Failed to connect within 30000 ms
	at kafka.controller.RequestSendThread.brokerReady(ControllerChannelManager.scala:280)
	at kafka.controller.RequestSendThread.doWork(ControllerChannelManager.scala:233)
	at kafka.utils.ShutdownableThread.run(ShutdownableThread.scala:82)
[2019-02-27 13:28:40,402] WARN [RequestSendThread controllerId=0] Controller 0's connection to broker fe80:0:0:0:14ec:8eff:feb0:2747%12:9092 (id: 0 rack: null) was unsuccessful (kafka.controller.RequestSendThread)
java.net.SocketTimeoutException: Failed to connect within 30000 ms
	at kafka.controller.RequestSendThread.brokerReady(ControllerChannelManager.scala:280)
	at kafka.controller.RequestSendThread.doWork(ControllerChannelManager.scala:233)
	at kafka.utils.ShutdownableThread.run(ShutdownableThread.scala:82)
[2019-02-27 13:29:10,514] WARN [RequestSendThread controllerId=0] Controller 0's connection to broker fe80:0:0:0:14ec:8eff:feb0:2747%12:9092 (id: 0 rack: null) was unsuccessful (kafka.controller.RequestSendThread)
java.net.SocketTimeoutException: Failed to connect within 30000 ms
	at kafka.controller.RequestSendThread.brokerReady(ControllerChannelManager.scala:280)
	at kafka.controller.RequestSendThread.doWork(ControllerChannelManager.scala:233)
	at kafka.utils.ShutdownableThread.run(ShutdownableThread.scala:82)
