[2019-02-21 18:01:56,163] TRACE [Controller id=0 epoch=7] Sending UpdateMetadata request PartitionState(controllerEpoch=4, leader=0, leaderEpoch=0, isr=[0], zkVersion=0, replicas=[0], offlineReplicas=[]) to brokers Set(0) for partition topic-user-lifecycle-creation-1 (state.change.logger)
[2019-02-21 18:01:56,164] TRACE [Controller id=0 epoch=7] Sending UpdateMetadata request PartitionState(controllerEpoch=2, leader=0, leaderEpoch=0, isr=[0], zkVersion=0, replicas=[0], offlineReplicas=[]) to brokers Set(0) for partition __consumer_offsets-49 (state.change.logger)
[2019-02-21 18:01:56,164] TRACE [Controller id=0 epoch=7] Sending UpdateMetadata request PartitionState(controllerEpoch=2, leader=0, leaderEpoch=0, isr=[0], zkVersion=0, replicas=[0], offlineReplicas=[]) to brokers Set(0) for partition __consumer_offsets-38 (state.change.logger)
[2019-02-21 18:01:56,164] TRACE [Controller id=0 epoch=7] Sending UpdateMetadata request PartitionState(controllerEpoch=2, leader=0, leaderEpoch=0, isr=[0], zkVersion=0, replicas=[0], offlineReplicas=[]) to brokers Set(0) for partition __consumer_offsets-16 (state.change.logger)
[2019-02-21 18:01:56,164] TRACE [Controller id=0 epoch=7] Sending UpdateMetadata request PartitionState(controllerEpoch=2, leader=0, leaderEpoch=0, isr=[0], zkVersion=0, replicas=[0], offlineReplicas=[]) to brokers Set(0) for partition __consumer_offsets-27 (state.change.logger)
[2019-02-21 18:01:56,164] TRACE [Controller id=0 epoch=7] Sending UpdateMetadata request PartitionState(controllerEpoch=2, leader=0, leaderEpoch=0, isr=[0], zkVersion=0, replicas=[0], offlineReplicas=[]) to brokers Set(0) for partition __consumer_offsets-8 (state.change.logger)
[2019-02-21 18:01:56,164] TRACE [Controller id=0 epoch=7] Sending UpdateMetadata request PartitionState(controllerEpoch=2, leader=0, leaderEpoch=0, isr=[0], zkVersion=0, replicas=[0], offlineReplicas=[]) to brokers Set(0) for partition __consumer_offsets-19 (state.change.logger)
[2019-02-21 18:01:56,164] TRACE [Controller id=0 epoch=7] Sending UpdateMetadata request PartitionState(controllerEpoch=4, leader=0, leaderEpoch=0, isr=[0], zkVersion=0, replicas=[0], offlineReplicas=[]) to brokers Set(0) for partition topic-user-lifecycle-update-1 (state.change.logger)
[2019-02-21 18:01:56,164] TRACE [Controller id=0 epoch=7] Sending UpdateMetadata request PartitionState(controllerEpoch=2, leader=0, leaderEpoch=0, isr=[0], zkVersion=0, replicas=[0], offlineReplicas=[]) to brokers Set(0) for partition __consumer_offsets-13 (state.change.logger)
[2019-02-21 18:01:56,164] TRACE [Controller id=0 epoch=7] Sending UpdateMetadata request PartitionState(controllerEpoch=2, leader=0, leaderEpoch=0, isr=[0], zkVersion=0, replicas=[0], offlineReplicas=[]) to brokers Set(0) for partition __consumer_offsets-2 (state.change.logger)
[2019-02-21 18:01:56,165] TRACE [Controller id=0 epoch=7] Sending UpdateMetadata request PartitionState(controllerEpoch=2, leader=0, leaderEpoch=0, isr=[0], zkVersion=0, replicas=[0], offlineReplicas=[]) to brokers Set(0) for partition __consumer_offsets-46 (state.change.logger)
[2019-02-21 18:01:56,165] TRACE [Controller id=0 epoch=7] Sending UpdateMetadata request PartitionState(controllerEpoch=2, leader=0, leaderEpoch=0, isr=[0], zkVersion=0, replicas=[0], offlineReplicas=[]) to brokers Set(0) for partition __consumer_offsets-35 (state.change.logger)
[2019-02-21 18:01:56,165] TRACE [Controller id=0 epoch=7] Sending UpdateMetadata request PartitionState(controllerEpoch=2, leader=0, leaderEpoch=0, isr=[0], zkVersion=0, replicas=[0], offlineReplicas=[]) to brokers Set(0) for partition __consumer_offsets-24 (state.change.logger)
[2019-02-21 18:01:56,165] TRACE [Controller id=0 epoch=7] Sending UpdateMetadata request PartitionState(controllerEpoch=2, leader=0, leaderEpoch=0, isr=[0], zkVersion=0, replicas=[0], offlineReplicas=[]) to brokers Set(0) for partition __consumer_offsets-5 (state.change.logger)
[2019-02-21 18:01:56,165] TRACE [Controller id=0 epoch=7] Sending UpdateMetadata request PartitionState(controllerEpoch=2, leader=0, leaderEpoch=0, isr=[0], zkVersion=0, replicas=[0], offlineReplicas=[]) to brokers Set(0) for partition __consumer_offsets-43 (state.change.logger)
[2019-02-21 18:01:56,165] TRACE [Controller id=0 epoch=7] Sending UpdateMetadata request PartitionState(controllerEpoch=2, leader=0, leaderEpoch=0, isr=[0], zkVersion=0, replicas=[0], offlineReplicas=[]) to brokers Set(0) for partition __consumer_offsets-21 (state.change.logger)
[2019-02-21 18:01:56,165] TRACE [Controller id=0 epoch=7] Sending UpdateMetadata request PartitionState(controllerEpoch=2, leader=0, leaderEpoch=0, isr=[0], zkVersion=0, replicas=[0], offlineReplicas=[]) to brokers Set(0) for partition __consumer_offsets-32 (state.change.logger)
[2019-02-21 18:01:56,165] TRACE [Controller id=0 epoch=7] Sending UpdateMetadata request PartitionState(controllerEpoch=2, leader=0, leaderEpoch=0, isr=[0], zkVersion=0, replicas=[0], offlineReplicas=[]) to brokers Set(0) for partition __consumer_offsets-10 (state.change.logger)
[2019-02-21 18:01:56,165] TRACE [Controller id=0 epoch=7] Sending UpdateMetadata request PartitionState(controllerEpoch=2, leader=0, leaderEpoch=0, isr=[0], zkVersion=0, replicas=[0], offlineReplicas=[]) to brokers Set(0) for partition __consumer_offsets-37 (state.change.logger)
[2019-02-21 18:01:56,165] TRACE [Controller id=0 epoch=7] Sending UpdateMetadata request PartitionState(controllerEpoch=2, leader=0, leaderEpoch=0, isr=[0], zkVersion=0, replicas=[0], offlineReplicas=[]) to brokers Set(0) for partition __consumer_offsets-48 (state.change.logger)
[2019-02-21 18:01:56,165] TRACE [Controller id=0 epoch=7] Sending UpdateMetadata request PartitionState(controllerEpoch=2, leader=0, leaderEpoch=0, isr=[0], zkVersion=0, replicas=[0], offlineReplicas=[]) to brokers Set(0) for partition __consumer_offsets-18 (state.change.logger)
[2019-02-21 18:01:56,165] TRACE [Controller id=0 epoch=7] Sending UpdateMetadata request PartitionState(controllerEpoch=2, leader=0, leaderEpoch=0, isr=[0], zkVersion=0, replicas=[0], offlineReplicas=[]) to brokers Set(0) for partition __consumer_offsets-29 (state.change.logger)
[2019-02-21 18:01:56,166] TRACE [Controller id=0 epoch=7] Sending UpdateMetadata request PartitionState(controllerEpoch=2, leader=0, leaderEpoch=0, isr=[0], zkVersion=0, replicas=[0], offlineReplicas=[]) to brokers Set(0) for partition __consumer_offsets-40 (state.change.logger)
[2019-02-21 18:01:56,166] TRACE [Controller id=0 epoch=7] Sending UpdateMetadata request PartitionState(controllerEpoch=2, leader=0, leaderEpoch=0, isr=[0], zkVersion=0, replicas=[0], offlineReplicas=[]) to brokers Set(0) for partition __consumer_offsets-7 (state.change.logger)
[2019-02-21 18:01:56,166] TRACE [Controller id=0 epoch=7] Sending UpdateMetadata request PartitionState(controllerEpoch=2, leader=0, leaderEpoch=0, isr=[0], zkVersion=0, replicas=[0], offlineReplicas=[]) to brokers Set(0) for partition __consumer_offsets-34 (state.change.logger)
[2019-02-21 18:01:56,166] TRACE [Controller id=0 epoch=7] Sending UpdateMetadata request PartitionState(controllerEpoch=2, leader=0, leaderEpoch=0, isr=[0], zkVersion=0, replicas=[0], offlineReplicas=[]) to brokers Set(0) for partition __consumer_offsets-23 (state.change.logger)
[2019-02-21 18:01:56,166] TRACE [Controller id=0 epoch=7] Sending UpdateMetadata request PartitionState(controllerEpoch=2, leader=0, leaderEpoch=0, isr=[0], zkVersion=0, replicas=[0], offlineReplicas=[]) to brokers Set(0) for partition __consumer_offsets-45 (state.change.logger)
[2019-02-21 18:01:56,166] TRACE [Controller id=0 epoch=7] Sending UpdateMetadata request PartitionState(controllerEpoch=2, leader=0, leaderEpoch=0, isr=[0], zkVersion=0, replicas=[0], offlineReplicas=[]) to brokers Set(0) for partition topic-user-lifecycle-creation-0 (state.change.logger)
[2019-02-21 18:01:56,166] TRACE [Controller id=0 epoch=7] Sending UpdateMetadata request PartitionState(controllerEpoch=2, leader=0, leaderEpoch=0, isr=[0], zkVersion=0, replicas=[0], offlineReplicas=[]) to brokers Set(0) for partition __consumer_offsets-26 (state.change.logger)
[2019-02-21 18:01:56,166] TRACE [Controller id=0 epoch=7] Sending UpdateMetadata request PartitionState(controllerEpoch=2, leader=0, leaderEpoch=0, isr=[0], zkVersion=0, replicas=[0], offlineReplicas=[]) to brokers Set(0) for partition __consumer_offsets-4 (state.change.logger)
[2019-02-21 18:01:56,166] TRACE [Controller id=0 epoch=7] Sending UpdateMetadata request PartitionState(controllerEpoch=2, leader=0, leaderEpoch=0, isr=[0], zkVersion=0, replicas=[0], offlineReplicas=[]) to brokers Set(0) for partition __consumer_offsets-15 (state.change.logger)
[2019-02-21 18:01:56,166] TRACE [Controller id=0 epoch=7] Sending UpdateMetadata request PartitionState(controllerEpoch=2, leader=0, leaderEpoch=0, isr=[0], zkVersion=0, replicas=[0], offlineReplicas=[]) to brokers Set(0) for partition __consumer_offsets-42 (state.change.logger)
[2019-02-21 18:01:56,166] TRACE [Controller id=0 epoch=7] Sending UpdateMetadata request PartitionState(controllerEpoch=2, leader=0, leaderEpoch=0, isr=[0], zkVersion=0, replicas=[0], offlineReplicas=[]) to brokers Set(0) for partition __consumer_offsets-31 (state.change.logger)
[2019-02-21 18:01:56,166] TRACE [Controller id=0 epoch=7] Sending UpdateMetadata request PartitionState(controllerEpoch=2, leader=0, leaderEpoch=0, isr=[0], zkVersion=0, replicas=[0], offlineReplicas=[]) to brokers Set(0) for partition __consumer_offsets-9 (state.change.logger)
[2019-02-21 18:01:56,167] TRACE [Controller id=0 epoch=7] Sending UpdateMetadata request PartitionState(controllerEpoch=2, leader=0, leaderEpoch=0, isr=[0], zkVersion=0, replicas=[0], offlineReplicas=[]) to brokers Set(0) for partition __consumer_offsets-20 (state.change.logger)
[2019-02-21 18:01:56,167] TRACE [Controller id=0 epoch=7] Sending UpdateMetadata request PartitionState(controllerEpoch=2, leader=0, leaderEpoch=0, isr=[0], zkVersion=0, replicas=[0], offlineReplicas=[]) to brokers Set(0) for partition topic-user-lifecycle-update-0 (state.change.logger)
[2019-02-21 18:01:56,167] TRACE [Controller id=0 epoch=7] Sending UpdateMetadata request PartitionState(controllerEpoch=2, leader=0, leaderEpoch=0, isr=[0], zkVersion=0, replicas=[0], offlineReplicas=[]) to brokers Set(0) for partition __consumer_offsets-12 (state.change.logger)
[2019-02-21 18:01:56,167] TRACE [Controller id=0 epoch=7] Sending UpdateMetadata request PartitionState(controllerEpoch=2, leader=0, leaderEpoch=0, isr=[0], zkVersion=0, replicas=[0], offlineReplicas=[]) to brokers Set(0) for partition __consumer_offsets-1 (state.change.logger)
[2019-02-21 18:01:56,167] TRACE [Controller id=0 epoch=7] Sending UpdateMetadata request PartitionState(controllerEpoch=6, leader=0, leaderEpoch=0, isr=[0], zkVersion=0, replicas=[0], offlineReplicas=[]) to brokers Set(0) for partition topic-project-lifecycle-update-0 (state.change.logger)
[2019-02-21 18:01:56,167] TRACE [Controller id=0 epoch=7] Sending UpdateMetadata request PartitionState(controllerEpoch=2, leader=0, leaderEpoch=0, isr=[0], zkVersion=0, replicas=[0], offlineReplicas=[]) to brokers Set(0) for partition __consumer_offsets-28 (state.change.logger)
[2019-02-21 18:01:56,167] TRACE [Controller id=0 epoch=7] Sending UpdateMetadata request PartitionState(controllerEpoch=2, leader=0, leaderEpoch=0, isr=[0], zkVersion=0, replicas=[0], offlineReplicas=[]) to brokers Set(0) for partition __consumer_offsets-17 (state.change.logger)
[2019-02-21 18:01:56,167] TRACE [Controller id=0 epoch=7] Sending UpdateMetadata request PartitionState(controllerEpoch=2, leader=0, leaderEpoch=0, isr=[0], zkVersion=0, replicas=[0], offlineReplicas=[]) to brokers Set(0) for partition __consumer_offsets-6 (state.change.logger)
[2019-02-21 18:01:56,167] TRACE [Controller id=0 epoch=7] Sending UpdateMetadata request PartitionState(controllerEpoch=2, leader=0, leaderEpoch=0, isr=[0], zkVersion=0, replicas=[0], offlineReplicas=[]) to brokers Set(0) for partition __consumer_offsets-39 (state.change.logger)
[2019-02-21 18:01:56,167] TRACE [Controller id=0 epoch=7] Sending UpdateMetadata request PartitionState(controllerEpoch=2, leader=0, leaderEpoch=0, isr=[0], zkVersion=0, replicas=[0], offlineReplicas=[]) to brokers Set(0) for partition __consumer_offsets-44 (state.change.logger)
[2019-02-21 18:01:56,167] TRACE [Controller id=0 epoch=7] Sending UpdateMetadata request PartitionState(controllerEpoch=2, leader=0, leaderEpoch=0, isr=[0], zkVersion=0, replicas=[0], offlineReplicas=[]) to brokers Set(0) for partition __consumer_offsets-36 (state.change.logger)
[2019-02-21 18:01:56,167] TRACE [Controller id=0 epoch=7] Sending UpdateMetadata request PartitionState(controllerEpoch=2, leader=0, leaderEpoch=0, isr=[0], zkVersion=0, replicas=[0], offlineReplicas=[]) to brokers Set(0) for partition __consumer_offsets-47 (state.change.logger)
[2019-02-21 18:01:56,168] TRACE [Controller id=0 epoch=7] Sending UpdateMetadata request PartitionState(controllerEpoch=2, leader=0, leaderEpoch=0, isr=[0], zkVersion=0, replicas=[0], offlineReplicas=[]) to brokers Set(0) for partition __consumer_offsets-3 (state.change.logger)
[2019-02-21 18:01:56,168] TRACE [Controller id=0 epoch=7] Sending UpdateMetadata request PartitionState(controllerEpoch=2, leader=0, leaderEpoch=0, isr=[0], zkVersion=0, replicas=[0], offlineReplicas=[]) to brokers Set(0) for partition __consumer_offsets-25 (state.change.logger)
[2019-02-21 18:01:56,168] TRACE [Controller id=0 epoch=7] Sending UpdateMetadata request PartitionState(controllerEpoch=2, leader=0, leaderEpoch=0, isr=[0], zkVersion=0, replicas=[0], offlineReplicas=[]) to brokers Set(0) for partition __consumer_offsets-14 (state.change.logger)
[2019-02-21 18:01:56,168] TRACE [Controller id=0 epoch=7] Sending UpdateMetadata request PartitionState(controllerEpoch=2, leader=0, leaderEpoch=0, isr=[0], zkVersion=0, replicas=[0], offlineReplicas=[]) to brokers Set(0) for partition topic-user-lifecycle-0 (state.change.logger)
[2019-02-21 18:01:56,168] TRACE [Controller id=0 epoch=7] Sending UpdateMetadata request PartitionState(controllerEpoch=2, leader=0, leaderEpoch=0, isr=[0], zkVersion=0, replicas=[0], offlineReplicas=[]) to brokers Set(0) for partition __consumer_offsets-41 (state.change.logger)
[2019-02-21 18:01:56,168] TRACE [Controller id=0 epoch=7] Sending UpdateMetadata request PartitionState(controllerEpoch=2, leader=0, leaderEpoch=0, isr=[0], zkVersion=0, replicas=[0], offlineReplicas=[]) to brokers Set(0) for partition __consumer_offsets-30 (state.change.logger)
[2019-02-21 18:01:56,168] TRACE [Controller id=0 epoch=7] Sending UpdateMetadata request PartitionState(controllerEpoch=5, leader=0, leaderEpoch=0, isr=[0], zkVersion=0, replicas=[0], offlineReplicas=[]) to brokers Set(0) for partition topic-project-lifecycle-creation-0 (state.change.logger)
[2019-02-21 18:01:56,168] TRACE [Controller id=0 epoch=7] Sending UpdateMetadata request PartitionState(controllerEpoch=2, leader=0, leaderEpoch=0, isr=[0], zkVersion=0, replicas=[0], offlineReplicas=[]) to brokers Set(0) for partition __consumer_offsets-11 (state.change.logger)
[2019-02-21 18:01:56,168] TRACE [Controller id=0 epoch=7] Sending UpdateMetadata request PartitionState(controllerEpoch=2, leader=0, leaderEpoch=0, isr=[0], zkVersion=0, replicas=[0], offlineReplicas=[]) to brokers Set(0) for partition __consumer_offsets-22 (state.change.logger)
[2019-02-21 18:01:56,168] TRACE [Controller id=0 epoch=7] Sending UpdateMetadata request PartitionState(controllerEpoch=2, leader=0, leaderEpoch=0, isr=[0], zkVersion=0, replicas=[0], offlineReplicas=[]) to brokers Set(0) for partition __consumer_offsets-33 (state.change.logger)
[2019-02-21 18:01:56,168] TRACE [Controller id=0 epoch=7] Sending UpdateMetadata request PartitionState(controllerEpoch=2, leader=0, leaderEpoch=0, isr=[0], zkVersion=0, replicas=[0], offlineReplicas=[]) to brokers Set(0) for partition __consumer_offsets-0 (state.change.logger)
[2019-02-21 18:01:56,213] TRACE [Controller id=0 epoch=7] Changed state of replica 0 for partition __consumer_offsets-3 from OnlineReplica to OnlineReplica (state.change.logger)
[2019-02-21 18:01:56,214] TRACE [Controller id=0 epoch=7] Changed state of replica 0 for partition __consumer_offsets-18 from OnlineReplica to OnlineReplica (state.change.logger)
[2019-02-21 18:01:56,214] TRACE [Controller id=0 epoch=7] Changed state of replica 0 for partition __consumer_offsets-12 from OnlineReplica to OnlineReplica (state.change.logger)
[2019-02-21 18:01:56,215] TRACE [Controller id=0 epoch=7] Changed state of replica 0 for partition __consumer_offsets-14 from OnlineReplica to OnlineReplica (state.change.logger)
[2019-02-21 18:01:56,215] TRACE [Controller id=0 epoch=7] Changed state of replica 0 for partition __consumer_offsets-35 from OnlineReplica to OnlineReplica (state.change.logger)
[2019-02-21 18:01:56,216] TRACE [Controller id=0 epoch=7] Changed state of replica 0 for partition __consumer_offsets-29 from OnlineReplica to OnlineReplica (state.change.logger)
[2019-02-21 18:01:56,216] TRACE [Controller id=0 epoch=7] Changed state of replica 0 for partition __consumer_offsets-32 from OnlineReplica to OnlineReplica (state.change.logger)
[2019-02-21 18:01:56,216] TRACE [Controller id=0 epoch=7] Changed state of replica 0 for partition __consumer_offsets-9 from OnlineReplica to OnlineReplica (state.change.logger)
[2019-02-21 18:01:56,216] TRACE [Controller id=0 epoch=7] Changed state of replica 0 for partition __consumer_offsets-10 from OnlineReplica to OnlineReplica (state.change.logger)
[2019-02-21 18:01:56,217] TRACE [Controller id=0 epoch=7] Changed state of replica 0 for partition topic-user-lifecycle-update-0 from OnlineReplica to OnlineReplica (state.change.logger)
[2019-02-21 18:01:56,217] TRACE [Controller id=0 epoch=7] Changed state of replica 0 for partition __consumer_offsets-41 from OnlineReplica to OnlineReplica (state.change.logger)
[2019-02-21 18:01:56,217] TRACE [Controller id=0 epoch=7] Changed state of replica 0 for partition __consumer_offsets-11 from OnlineReplica to OnlineReplica (state.change.logger)
[2019-02-21 18:01:56,217] TRACE [Controller id=0 epoch=7] Changed state of replica 0 for partition __consumer_offsets-25 from OnlineReplica to OnlineReplica (state.change.logger)
[2019-02-21 18:01:56,217] TRACE [Controller id=0 epoch=7] Changed state of replica 0 for partition __consumer_offsets-34 from OnlineReplica to OnlineReplica (state.change.logger)
[2019-02-21 18:01:56,218] TRACE [Controller id=0 epoch=7] Changed state of replica 0 for partition __consumer_offsets-0 from OnlineReplica to OnlineReplica (state.change.logger)
[2019-02-21 18:01:56,218] TRACE [Controller id=0 epoch=7] Changed state of replica 0 for partition __consumer_offsets-8 from OnlineReplica to OnlineReplica (state.change.logger)
[2019-02-21 18:01:56,218] TRACE [Controller id=0 epoch=7] Changed state of replica 0 for partition __consumer_offsets-48 from OnlineReplica to OnlineReplica (state.change.logger)
[2019-02-21 18:01:56,218] TRACE [Controller id=0 epoch=7] Changed state of replica 0 for partition __consumer_offsets-13 from OnlineReplica to OnlineReplica (state.change.logger)
[2019-02-21 18:01:56,218] TRACE [Controller id=0 epoch=7] Changed state of replica 0 for partition __consumer_offsets-5 from OnlineReplica to OnlineReplica (state.change.logger)
[2019-02-21 18:01:56,218] TRACE [Controller id=0 epoch=7] Changed state of replica 0 for partition topic-user-lifecycle-update-1 from OnlineReplica to OnlineReplica (state.change.logger)
[2019-02-21 18:01:56,219] TRACE [Controller id=0 epoch=7] Changed state of replica 0 for partition __consumer_offsets-36 from OnlineReplica to OnlineReplica (state.change.logger)
[2019-02-21 18:01:56,219] TRACE [Controller id=0 epoch=7] Changed state of replica 0 for partition __consumer_offsets-39 from OnlineReplica to OnlineReplica (state.change.logger)
[2019-02-21 18:01:56,219] TRACE [Controller id=0 epoch=7] Changed state of replica 0 for partition __consumer_offsets-23 from OnlineReplica to OnlineReplica (state.change.logger)
[2019-02-21 18:01:56,219] TRACE [Controller id=0 epoch=7] Changed state of replica 0 for partition topic-project-lifecycle-update-0 from OnlineReplica to OnlineReplica (state.change.logger)
[2019-02-21 18:01:56,219] TRACE [Controller id=0 epoch=7] Changed state of replica 0 for partition topic-user-lifecycle-creation-1 from OnlineReplica to OnlineReplica (state.change.logger)
[2019-02-21 18:01:56,220] TRACE [Controller id=0 epoch=7] Changed state of replica 0 for partition __consumer_offsets-21 from OnlineReplica to OnlineReplica (state.change.logger)
[2019-02-21 18:01:56,220] TRACE [Controller id=0 epoch=7] Changed state of replica 0 for partition __consumer_offsets-42 from OnlineReplica to OnlineReplica (state.change.logger)
[2019-02-21 18:01:56,220] TRACE [Controller id=0 epoch=7] Changed state of replica 0 for partition __consumer_offsets-24 from OnlineReplica to OnlineReplica (state.change.logger)
[2019-02-21 18:01:56,220] TRACE [Controller id=0 epoch=7] Changed state of replica 0 for partition __consumer_offsets-40 from OnlineReplica to OnlineReplica (state.change.logger)
[2019-02-21 18:01:56,220] TRACE [Controller id=0 epoch=7] Changed state of replica 0 for partition __consumer_offsets-26 from OnlineReplica to OnlineReplica (state.change.logger)
[2019-02-21 18:01:56,220] TRACE [Controller id=0 epoch=7] Changed state of replica 0 for partition __consumer_offsets-19 from OnlineReplica to OnlineReplica (state.change.logger)
[2019-02-21 18:01:56,221] TRACE [Controller id=0 epoch=7] Changed state of replica 0 for partition __consumer_offsets-17 from OnlineReplica to OnlineReplica (state.change.logger)
[2019-02-21 18:01:56,221] TRACE [Controller id=0 epoch=7] Changed state of replica 0 for partition __consumer_offsets-2 from OnlineReplica to OnlineReplica (state.change.logger)
[2019-02-21 18:01:56,221] TRACE [Controller id=0 epoch=7] Changed state of replica 0 for partition __consumer_offsets-16 from OnlineReplica to OnlineReplica (state.change.logger)
[2019-02-21 18:01:56,221] TRACE [Controller id=0 epoch=7] Changed state of replica 0 for partition topic-user-lifecycle-0 from OnlineReplica to OnlineReplica (state.change.logger)
[2019-02-21 18:01:56,221] TRACE [Controller id=0 epoch=7] Changed state of replica 0 for partition __consumer_offsets-15 from OnlineReplica to OnlineReplica (state.change.logger)
[2019-02-21 18:01:56,222] TRACE [Controller id=0 epoch=7] Changed state of replica 0 for partition __consumer_offsets-49 from OnlineReplica to OnlineReplica (state.change.logger)
[2019-02-21 18:01:56,222] TRACE [Controller id=0 epoch=7] Changed state of replica 0 for partition __consumer_offsets-45 from OnlineReplica to OnlineReplica (state.change.logger)
[2019-02-21 18:01:56,222] TRACE [Controller id=0 epoch=7] Changed state of replica 0 for partition __consumer_offsets-43 from OnlineReplica to OnlineReplica (state.change.logger)
[2019-02-21 18:01:56,222] TRACE [Controller id=0 epoch=7] Changed state of replica 0 for partition __consumer_offsets-6 from OnlineReplica to OnlineReplica (state.change.logger)
[2019-02-21 18:01:56,223] TRACE [Controller id=0 epoch=7] Changed state of replica 0 for partition __consumer_offsets-47 from OnlineReplica to OnlineReplica (state.change.logger)
[2019-02-21 18:01:56,223] TRACE [Controller id=0 epoch=7] Changed state of replica 0 for partition __consumer_offsets-37 from OnlineReplica to OnlineReplica (state.change.logger)
[2019-02-21 18:01:56,223] TRACE [Controller id=0 epoch=7] Changed state of replica 0 for partition __consumer_offsets-28 from OnlineReplica to OnlineReplica (state.change.logger)
[2019-02-21 18:01:56,223] TRACE [Controller id=0 epoch=7] Changed state of replica 0 for partition topic-project-lifecycle-creation-0 from OnlineReplica to OnlineReplica (state.change.logger)
[2019-02-21 18:01:56,223] TRACE [Controller id=0 epoch=7] Changed state of replica 0 for partition __consumer_offsets-7 from OnlineReplica to OnlineReplica (state.change.logger)
[2019-02-21 18:01:56,223] TRACE [Controller id=0 epoch=7] Changed state of replica 0 for partition __consumer_offsets-33 from OnlineReplica to OnlineReplica (state.change.logger)
[2019-02-21 18:01:56,224] TRACE [Controller id=0 epoch=7] Changed state of replica 0 for partition __consumer_offsets-30 from OnlineReplica to OnlineReplica (state.change.logger)
[2019-02-21 18:01:56,224] TRACE [Controller id=0 epoch=7] Changed state of replica 0 for partition __consumer_offsets-27 from OnlineReplica to OnlineReplica (state.change.logger)
[2019-02-21 18:01:56,224] TRACE [Controller id=0 epoch=7] Changed state of replica 0 for partition topic-user-lifecycle-creation-0 from OnlineReplica to OnlineReplica (state.change.logger)
[2019-02-21 18:01:56,224] TRACE [Controller id=0 epoch=7] Changed state of replica 0 for partition __consumer_offsets-1 from OnlineReplica to OnlineReplica (state.change.logger)
[2019-02-21 18:01:56,225] TRACE [Controller id=0 epoch=7] Changed state of replica 0 for partition __consumer_offsets-31 from OnlineReplica to OnlineReplica (state.change.logger)
[2019-02-21 18:01:56,225] TRACE [Controller id=0 epoch=7] Changed state of replica 0 for partition __consumer_offsets-44 from OnlineReplica to OnlineReplica (state.change.logger)
[2019-02-21 18:01:56,225] TRACE [Controller id=0 epoch=7] Changed state of replica 0 for partition __consumer_offsets-46 from OnlineReplica to OnlineReplica (state.change.logger)
[2019-02-21 18:01:56,225] TRACE [Controller id=0 epoch=7] Changed state of replica 0 for partition __consumer_offsets-22 from OnlineReplica to OnlineReplica (state.change.logger)
[2019-02-21 18:01:56,225] TRACE [Controller id=0 epoch=7] Changed state of replica 0 for partition __consumer_offsets-4 from OnlineReplica to OnlineReplica (state.change.logger)
[2019-02-21 18:01:56,225] TRACE [Controller id=0 epoch=7] Changed state of replica 0 for partition __consumer_offsets-38 from OnlineReplica to OnlineReplica (state.change.logger)
[2019-02-21 18:01:56,226] TRACE [Controller id=0 epoch=7] Changed state of replica 0 for partition __consumer_offsets-20 from OnlineReplica to OnlineReplica (state.change.logger)
[2019-02-21 18:01:56,227] TRACE [Controller id=0 epoch=7] Sending become-leader LeaderAndIsr request PartitionState(controllerEpoch=4, leader=0, leaderEpoch=0, isr=0, zkVersion=0, replicas=0, isNew=false) to broker 0 for partition topic-user-lifecycle-creation-1 (state.change.logger)
[2019-02-21 18:01:56,227] TRACE [Controller id=0 epoch=7] Sending become-leader LeaderAndIsr request PartitionState(controllerEpoch=2, leader=0, leaderEpoch=0, isr=0, zkVersion=0, replicas=0, isNew=false) to broker 0 for partition __consumer_offsets-49 (state.change.logger)
[2019-02-21 18:01:56,227] TRACE [Controller id=0 epoch=7] Sending become-leader LeaderAndIsr request PartitionState(controllerEpoch=2, leader=0, leaderEpoch=0, isr=0, zkVersion=0, replicas=0, isNew=false) to broker 0 for partition __consumer_offsets-38 (state.change.logger)
[2019-02-21 18:01:56,227] TRACE [Controller id=0 epoch=7] Sending become-leader LeaderAndIsr request PartitionState(controllerEpoch=2, leader=0, leaderEpoch=0, isr=0, zkVersion=0, replicas=0, isNew=false) to broker 0 for partition __consumer_offsets-16 (state.change.logger)
[2019-02-21 18:01:56,227] TRACE [Controller id=0 epoch=7] Sending become-leader LeaderAndIsr request PartitionState(controllerEpoch=2, leader=0, leaderEpoch=0, isr=0, zkVersion=0, replicas=0, isNew=false) to broker 0 for partition __consumer_offsets-27 (state.change.logger)
[2019-02-21 18:01:56,227] TRACE [Controller id=0 epoch=7] Sending become-leader LeaderAndIsr request PartitionState(controllerEpoch=2, leader=0, leaderEpoch=0, isr=0, zkVersion=0, replicas=0, isNew=false) to broker 0 for partition __consumer_offsets-8 (state.change.logger)
[2019-02-21 18:01:56,227] TRACE [Controller id=0 epoch=7] Sending become-leader LeaderAndIsr request PartitionState(controllerEpoch=2, leader=0, leaderEpoch=0, isr=0, zkVersion=0, replicas=0, isNew=false) to broker 0 for partition __consumer_offsets-19 (state.change.logger)
[2019-02-21 18:01:56,227] TRACE [Controller id=0 epoch=7] Sending become-leader LeaderAndIsr request PartitionState(controllerEpoch=4, leader=0, leaderEpoch=0, isr=0, zkVersion=0, replicas=0, isNew=false) to broker 0 for partition topic-user-lifecycle-update-1 (state.change.logger)
[2019-02-21 18:01:56,227] TRACE [Controller id=0 epoch=7] Sending become-leader LeaderAndIsr request PartitionState(controllerEpoch=2, leader=0, leaderEpoch=0, isr=0, zkVersion=0, replicas=0, isNew=false) to broker 0 for partition __consumer_offsets-13 (state.change.logger)
[2019-02-21 18:01:56,228] TRACE [Controller id=0 epoch=7] Sending become-leader LeaderAndIsr request PartitionState(controllerEpoch=2, leader=0, leaderEpoch=0, isr=0, zkVersion=0, replicas=0, isNew=false) to broker 0 for partition __consumer_offsets-2 (state.change.logger)
[2019-02-21 18:01:56,228] TRACE [Controller id=0 epoch=7] Sending become-leader LeaderAndIsr request PartitionState(controllerEpoch=2, leader=0, leaderEpoch=0, isr=0, zkVersion=0, replicas=0, isNew=false) to broker 0 for partition __consumer_offsets-46 (state.change.logger)
[2019-02-21 18:01:56,228] TRACE [Controller id=0 epoch=7] Sending become-leader LeaderAndIsr request PartitionState(controllerEpoch=2, leader=0, leaderEpoch=0, isr=0, zkVersion=0, replicas=0, isNew=false) to broker 0 for partition __consumer_offsets-35 (state.change.logger)
[2019-02-21 18:01:56,228] TRACE [Controller id=0 epoch=7] Sending become-leader LeaderAndIsr request PartitionState(controllerEpoch=2, leader=0, leaderEpoch=0, isr=0, zkVersion=0, replicas=0, isNew=false) to broker 0 for partition __consumer_offsets-24 (state.change.logger)
[2019-02-21 18:01:56,228] TRACE [Controller id=0 epoch=7] Sending become-leader LeaderAndIsr request PartitionState(controllerEpoch=2, leader=0, leaderEpoch=0, isr=0, zkVersion=0, replicas=0, isNew=false) to broker 0 for partition __consumer_offsets-5 (state.change.logger)
[2019-02-21 18:01:56,228] TRACE [Controller id=0 epoch=7] Sending become-leader LeaderAndIsr request PartitionState(controllerEpoch=2, leader=0, leaderEpoch=0, isr=0, zkVersion=0, replicas=0, isNew=false) to broker 0 for partition __consumer_offsets-43 (state.change.logger)
[2019-02-21 18:01:56,228] TRACE [Controller id=0 epoch=7] Sending become-leader LeaderAndIsr request PartitionState(controllerEpoch=2, leader=0, leaderEpoch=0, isr=0, zkVersion=0, replicas=0, isNew=false) to broker 0 for partition __consumer_offsets-32 (state.change.logger)
[2019-02-21 18:01:56,228] TRACE [Controller id=0 epoch=7] Sending become-leader LeaderAndIsr request PartitionState(controllerEpoch=2, leader=0, leaderEpoch=0, isr=0, zkVersion=0, replicas=0, isNew=false) to broker 0 for partition __consumer_offsets-21 (state.change.logger)
[2019-02-21 18:01:56,228] TRACE [Controller id=0 epoch=7] Sending become-leader LeaderAndIsr request PartitionState(controllerEpoch=2, leader=0, leaderEpoch=0, isr=0, zkVersion=0, replicas=0, isNew=false) to broker 0 for partition __consumer_offsets-10 (state.change.logger)
[2019-02-21 18:01:56,228] TRACE [Controller id=0 epoch=7] Sending become-leader LeaderAndIsr request PartitionState(controllerEpoch=2, leader=0, leaderEpoch=0, isr=0, zkVersion=0, replicas=0, isNew=false) to broker 0 for partition __consumer_offsets-37 (state.change.logger)
[2019-02-21 18:01:56,228] TRACE [Controller id=0 epoch=7] Sending become-leader LeaderAndIsr request PartitionState(controllerEpoch=2, leader=0, leaderEpoch=0, isr=0, zkVersion=0, replicas=0, isNew=false) to broker 0 for partition __consumer_offsets-48 (state.change.logger)
[2019-02-21 18:01:56,228] TRACE [Controller id=0 epoch=7] Sending become-leader LeaderAndIsr request PartitionState(controllerEpoch=2, leader=0, leaderEpoch=0, isr=0, zkVersion=0, replicas=0, isNew=false) to broker 0 for partition __consumer_offsets-18 (state.change.logger)
[2019-02-21 18:01:56,228] TRACE [Controller id=0 epoch=7] Sending become-leader LeaderAndIsr request PartitionState(controllerEpoch=2, leader=0, leaderEpoch=0, isr=0, zkVersion=0, replicas=0, isNew=false) to broker 0 for partition __consumer_offsets-29 (state.change.logger)
[2019-02-21 18:01:56,228] TRACE [Controller id=0 epoch=7] Sending become-leader LeaderAndIsr request PartitionState(controllerEpoch=2, leader=0, leaderEpoch=0, isr=0, zkVersion=0, replicas=0, isNew=false) to broker 0 for partition __consumer_offsets-40 (state.change.logger)
[2019-02-21 18:01:56,228] TRACE [Controller id=0 epoch=7] Sending become-leader LeaderAndIsr request PartitionState(controllerEpoch=2, leader=0, leaderEpoch=0, isr=0, zkVersion=0, replicas=0, isNew=false) to broker 0 for partition __consumer_offsets-7 (state.change.logger)
[2019-02-21 18:01:56,229] TRACE [Controller id=0 epoch=7] Sending become-leader LeaderAndIsr request PartitionState(controllerEpoch=2, leader=0, leaderEpoch=0, isr=0, zkVersion=0, replicas=0, isNew=false) to broker 0 for partition __consumer_offsets-23 (state.change.logger)
[2019-02-21 18:01:56,229] TRACE [Controller id=0 epoch=7] Sending become-leader LeaderAndIsr request PartitionState(controllerEpoch=2, leader=0, leaderEpoch=0, isr=0, zkVersion=0, replicas=0, isNew=false) to broker 0 for partition __consumer_offsets-34 (state.change.logger)
[2019-02-21 18:01:56,229] TRACE [Controller id=0 epoch=7] Sending become-leader LeaderAndIsr request PartitionState(controllerEpoch=2, leader=0, leaderEpoch=0, isr=0, zkVersion=0, replicas=0, isNew=false) to broker 0 for partition __consumer_offsets-45 (state.change.logger)
[2019-02-21 18:01:56,229] TRACE [Controller id=0 epoch=7] Sending become-leader LeaderAndIsr request PartitionState(controllerEpoch=2, leader=0, leaderEpoch=0, isr=0, zkVersion=0, replicas=0, isNew=false) to broker 0 for partition topic-user-lifecycle-creation-0 (state.change.logger)
[2019-02-21 18:01:56,229] TRACE [Controller id=0 epoch=7] Sending become-leader LeaderAndIsr request PartitionState(controllerEpoch=2, leader=0, leaderEpoch=0, isr=0, zkVersion=0, replicas=0, isNew=false) to broker 0 for partition __consumer_offsets-26 (state.change.logger)
[2019-02-21 18:01:56,229] TRACE [Controller id=0 epoch=7] Sending become-leader LeaderAndIsr request PartitionState(controllerEpoch=2, leader=0, leaderEpoch=0, isr=0, zkVersion=0, replicas=0, isNew=false) to broker 0 for partition __consumer_offsets-4 (state.change.logger)
[2019-02-21 18:01:56,229] TRACE [Controller id=0 epoch=7] Sending become-leader LeaderAndIsr request PartitionState(controllerEpoch=2, leader=0, leaderEpoch=0, isr=0, zkVersion=0, replicas=0, isNew=false) to broker 0 for partition __consumer_offsets-15 (state.change.logger)
[2019-02-21 18:01:56,229] TRACE [Controller id=0 epoch=7] Sending become-leader LeaderAndIsr request PartitionState(controllerEpoch=2, leader=0, leaderEpoch=0, isr=0, zkVersion=0, replicas=0, isNew=false) to broker 0 for partition __consumer_offsets-42 (state.change.logger)
[2019-02-21 18:01:56,229] TRACE [Controller id=0 epoch=7] Sending become-leader LeaderAndIsr request PartitionState(controllerEpoch=2, leader=0, leaderEpoch=0, isr=0, zkVersion=0, replicas=0, isNew=false) to broker 0 for partition __consumer_offsets-20 (state.change.logger)
[2019-02-21 18:01:56,229] TRACE [Controller id=0 epoch=7] Sending become-leader LeaderAndIsr request PartitionState(controllerEpoch=2, leader=0, leaderEpoch=0, isr=0, zkVersion=0, replicas=0, isNew=false) to broker 0 for partition __consumer_offsets-31 (state.change.logger)
[2019-02-21 18:01:56,229] TRACE [Controller id=0 epoch=7] Sending become-leader LeaderAndIsr request PartitionState(controllerEpoch=2, leader=0, leaderEpoch=0, isr=0, zkVersion=0, replicas=0, isNew=false) to broker 0 for partition __consumer_offsets-9 (state.change.logger)
[2019-02-21 18:01:56,229] TRACE [Controller id=0 epoch=7] Sending become-leader LeaderAndIsr request PartitionState(controllerEpoch=2, leader=0, leaderEpoch=0, isr=0, zkVersion=0, replicas=0, isNew=false) to broker 0 for partition topic-user-lifecycle-update-0 (state.change.logger)
[2019-02-21 18:01:56,229] TRACE [Controller id=0 epoch=7] Sending become-leader LeaderAndIsr request PartitionState(controllerEpoch=2, leader=0, leaderEpoch=0, isr=0, zkVersion=0, replicas=0, isNew=false) to broker 0 for partition __consumer_offsets-1 (state.change.logger)
[2019-02-21 18:01:56,229] TRACE [Controller id=0 epoch=7] Sending become-leader LeaderAndIsr request PartitionState(controllerEpoch=2, leader=0, leaderEpoch=0, isr=0, zkVersion=0, replicas=0, isNew=false) to broker 0 for partition __consumer_offsets-12 (state.change.logger)
[2019-02-21 18:01:56,229] TRACE [Controller id=0 epoch=7] Sending become-leader LeaderAndIsr request PartitionState(controllerEpoch=6, leader=0, leaderEpoch=0, isr=0, zkVersion=0, replicas=0, isNew=false) to broker 0 for partition topic-project-lifecycle-update-0 (state.change.logger)
[2019-02-21 18:01:56,229] TRACE [Controller id=0 epoch=7] Sending become-leader LeaderAndIsr request PartitionState(controllerEpoch=2, leader=0, leaderEpoch=0, isr=0, zkVersion=0, replicas=0, isNew=false) to broker 0 for partition __consumer_offsets-17 (state.change.logger)
[2019-02-21 18:01:56,229] TRACE [Controller id=0 epoch=7] Sending become-leader LeaderAndIsr request PartitionState(controllerEpoch=2, leader=0, leaderEpoch=0, isr=0, zkVersion=0, replicas=0, isNew=false) to broker 0 for partition __consumer_offsets-28 (state.change.logger)
[2019-02-21 18:01:56,229] TRACE [Controller id=0 epoch=7] Sending become-leader LeaderAndIsr request PartitionState(controllerEpoch=2, leader=0, leaderEpoch=0, isr=0, zkVersion=0, replicas=0, isNew=false) to broker 0 for partition __consumer_offsets-6 (state.change.logger)
[2019-02-21 18:01:56,230] TRACE [Controller id=0 epoch=7] Sending become-leader LeaderAndIsr request PartitionState(controllerEpoch=2, leader=0, leaderEpoch=0, isr=0, zkVersion=0, replicas=0, isNew=false) to broker 0 for partition __consumer_offsets-39 (state.change.logger)
[2019-02-21 18:01:56,230] TRACE [Controller id=0 epoch=7] Sending become-leader LeaderAndIsr request PartitionState(controllerEpoch=2, leader=0, leaderEpoch=0, isr=0, zkVersion=0, replicas=0, isNew=false) to broker 0 for partition __consumer_offsets-44 (state.change.logger)
[2019-02-21 18:01:56,230] TRACE [Controller id=0 epoch=7] Sending become-leader LeaderAndIsr request PartitionState(controllerEpoch=2, leader=0, leaderEpoch=0, isr=0, zkVersion=0, replicas=0, isNew=false) to broker 0 for partition __consumer_offsets-36 (state.change.logger)
[2019-02-21 18:01:56,230] TRACE [Controller id=0 epoch=7] Sending become-leader LeaderAndIsr request PartitionState(controllerEpoch=2, leader=0, leaderEpoch=0, isr=0, zkVersion=0, replicas=0, isNew=false) to broker 0 for partition __consumer_offsets-47 (state.change.logger)
[2019-02-21 18:01:56,230] TRACE [Controller id=0 epoch=7] Sending become-leader LeaderAndIsr request PartitionState(controllerEpoch=2, leader=0, leaderEpoch=0, isr=0, zkVersion=0, replicas=0, isNew=false) to broker 0 for partition __consumer_offsets-3 (state.change.logger)
[2019-02-21 18:01:56,230] TRACE [Controller id=0 epoch=7] Sending become-leader LeaderAndIsr request PartitionState(controllerEpoch=2, leader=0, leaderEpoch=0, isr=0, zkVersion=0, replicas=0, isNew=false) to broker 0 for partition __consumer_offsets-14 (state.change.logger)
[2019-02-21 18:01:56,230] TRACE [Controller id=0 epoch=7] Sending become-leader LeaderAndIsr request PartitionState(controllerEpoch=2, leader=0, leaderEpoch=0, isr=0, zkVersion=0, replicas=0, isNew=false) to broker 0 for partition __consumer_offsets-25 (state.change.logger)
[2019-02-21 18:01:56,230] TRACE [Controller id=0 epoch=7] Sending become-leader LeaderAndIsr request PartitionState(controllerEpoch=2, leader=0, leaderEpoch=0, isr=0, zkVersion=0, replicas=0, isNew=false) to broker 0 for partition topic-user-lifecycle-0 (state.change.logger)
[2019-02-21 18:01:56,230] TRACE [Controller id=0 epoch=7] Sending become-leader LeaderAndIsr request PartitionState(controllerEpoch=2, leader=0, leaderEpoch=0, isr=0, zkVersion=0, replicas=0, isNew=false) to broker 0 for partition __consumer_offsets-41 (state.change.logger)
[2019-02-21 18:01:56,230] TRACE [Controller id=0 epoch=7] Sending become-leader LeaderAndIsr request PartitionState(controllerEpoch=2, leader=0, leaderEpoch=0, isr=0, zkVersion=0, replicas=0, isNew=false) to broker 0 for partition __consumer_offsets-30 (state.change.logger)
[2019-02-21 18:01:56,230] TRACE [Controller id=0 epoch=7] Sending become-leader LeaderAndIsr request PartitionState(controllerEpoch=5, leader=0, leaderEpoch=0, isr=0, zkVersion=0, replicas=0, isNew=false) to broker 0 for partition topic-project-lifecycle-creation-0 (state.change.logger)
[2019-02-21 18:01:56,230] TRACE [Controller id=0 epoch=7] Sending become-leader LeaderAndIsr request PartitionState(controllerEpoch=2, leader=0, leaderEpoch=0, isr=0, zkVersion=0, replicas=0, isNew=false) to broker 0 for partition __consumer_offsets-22 (state.change.logger)
[2019-02-21 18:01:56,230] TRACE [Controller id=0 epoch=7] Sending become-leader LeaderAndIsr request PartitionState(controllerEpoch=2, leader=0, leaderEpoch=0, isr=0, zkVersion=0, replicas=0, isNew=false) to broker 0 for partition __consumer_offsets-11 (state.change.logger)
[2019-02-21 18:01:56,230] TRACE [Controller id=0 epoch=7] Sending become-leader LeaderAndIsr request PartitionState(controllerEpoch=2, leader=0, leaderEpoch=0, isr=0, zkVersion=0, replicas=0, isNew=false) to broker 0 for partition __consumer_offsets-33 (state.change.logger)
[2019-02-21 18:01:56,230] TRACE [Controller id=0 epoch=7] Sending become-leader LeaderAndIsr request PartitionState(controllerEpoch=2, leader=0, leaderEpoch=0, isr=0, zkVersion=0, replicas=0, isNew=false) to broker 0 for partition __consumer_offsets-0 (state.change.logger)
[2019-02-21 18:01:56,233] TRACE [Controller id=0 epoch=7] Sending UpdateMetadata request PartitionState(controllerEpoch=4, leader=0, leaderEpoch=0, isr=[0], zkVersion=0, replicas=[0], offlineReplicas=[]) to brokers Set(0) for partition topic-user-lifecycle-creation-1 (state.change.logger)
[2019-02-21 18:01:56,233] TRACE [Controller id=0 epoch=7] Sending UpdateMetadata request PartitionState(controllerEpoch=2, leader=0, leaderEpoch=0, isr=[0], zkVersion=0, replicas=[0], offlineReplicas=[]) to brokers Set(0) for partition __consumer_offsets-49 (state.change.logger)
[2019-02-21 18:01:56,233] TRACE [Controller id=0 epoch=7] Sending UpdateMetadata request PartitionState(controllerEpoch=2, leader=0, leaderEpoch=0, isr=[0], zkVersion=0, replicas=[0], offlineReplicas=[]) to brokers Set(0) for partition __consumer_offsets-38 (state.change.logger)
[2019-02-21 18:01:56,233] TRACE [Controller id=0 epoch=7] Sending UpdateMetadata request PartitionState(controllerEpoch=2, leader=0, leaderEpoch=0, isr=[0], zkVersion=0, replicas=[0], offlineReplicas=[]) to brokers Set(0) for partition __consumer_offsets-16 (state.change.logger)
[2019-02-21 18:01:56,233] TRACE [Controller id=0 epoch=7] Sending UpdateMetadata request PartitionState(controllerEpoch=2, leader=0, leaderEpoch=0, isr=[0], zkVersion=0, replicas=[0], offlineReplicas=[]) to brokers Set(0) for partition __consumer_offsets-27 (state.change.logger)
[2019-02-21 18:01:56,233] TRACE [Controller id=0 epoch=7] Sending UpdateMetadata request PartitionState(controllerEpoch=2, leader=0, leaderEpoch=0, isr=[0], zkVersion=0, replicas=[0], offlineReplicas=[]) to brokers Set(0) for partition __consumer_offsets-8 (state.change.logger)
[2019-02-21 18:01:56,233] TRACE [Controller id=0 epoch=7] Sending UpdateMetadata request PartitionState(controllerEpoch=2, leader=0, leaderEpoch=0, isr=[0], zkVersion=0, replicas=[0], offlineReplicas=[]) to brokers Set(0) for partition __consumer_offsets-19 (state.change.logger)
[2019-02-21 18:01:56,233] TRACE [Controller id=0 epoch=7] Sending UpdateMetadata request PartitionState(controllerEpoch=4, leader=0, leaderEpoch=0, isr=[0], zkVersion=0, replicas=[0], offlineReplicas=[]) to brokers Set(0) for partition topic-user-lifecycle-update-1 (state.change.logger)
[2019-02-21 18:01:56,233] TRACE [Controller id=0 epoch=7] Sending UpdateMetadata request PartitionState(controllerEpoch=2, leader=0, leaderEpoch=0, isr=[0], zkVersion=0, replicas=[0], offlineReplicas=[]) to brokers Set(0) for partition __consumer_offsets-13 (state.change.logger)
[2019-02-21 18:01:56,233] TRACE [Controller id=0 epoch=7] Sending UpdateMetadata request PartitionState(controllerEpoch=2, leader=0, leaderEpoch=0, isr=[0], zkVersion=0, replicas=[0], offlineReplicas=[]) to brokers Set(0) for partition __consumer_offsets-2 (state.change.logger)
[2019-02-21 18:01:56,233] TRACE [Controller id=0 epoch=7] Sending UpdateMetadata request PartitionState(controllerEpoch=2, leader=0, leaderEpoch=0, isr=[0], zkVersion=0, replicas=[0], offlineReplicas=[]) to brokers Set(0) for partition __consumer_offsets-46 (state.change.logger)
[2019-02-21 18:01:56,234] TRACE [Controller id=0 epoch=7] Sending UpdateMetadata request PartitionState(controllerEpoch=2, leader=0, leaderEpoch=0, isr=[0], zkVersion=0, replicas=[0], offlineReplicas=[]) to brokers Set(0) for partition __consumer_offsets-35 (state.change.logger)
[2019-02-21 18:01:56,234] TRACE [Controller id=0 epoch=7] Sending UpdateMetadata request PartitionState(controllerEpoch=2, leader=0, leaderEpoch=0, isr=[0], zkVersion=0, replicas=[0], offlineReplicas=[]) to brokers Set(0) for partition __consumer_offsets-24 (state.change.logger)
[2019-02-21 18:01:56,234] TRACE [Controller id=0 epoch=7] Sending UpdateMetadata request PartitionState(controllerEpoch=2, leader=0, leaderEpoch=0, isr=[0], zkVersion=0, replicas=[0], offlineReplicas=[]) to brokers Set(0) for partition __consumer_offsets-5 (state.change.logger)
[2019-02-21 18:01:56,234] TRACE [Controller id=0 epoch=7] Sending UpdateMetadata request PartitionState(controllerEpoch=2, leader=0, leaderEpoch=0, isr=[0], zkVersion=0, replicas=[0], offlineReplicas=[]) to brokers Set(0) for partition __consumer_offsets-43 (state.change.logger)
[2019-02-21 18:01:56,234] TRACE [Controller id=0 epoch=7] Sending UpdateMetadata request PartitionState(controllerEpoch=2, leader=0, leaderEpoch=0, isr=[0], zkVersion=0, replicas=[0], offlineReplicas=[]) to brokers Set(0) for partition __consumer_offsets-32 (state.change.logger)
[2019-02-21 18:01:56,234] TRACE [Controller id=0 epoch=7] Sending UpdateMetadata request PartitionState(controllerEpoch=2, leader=0, leaderEpoch=0, isr=[0], zkVersion=0, replicas=[0], offlineReplicas=[]) to brokers Set(0) for partition __consumer_offsets-21 (state.change.logger)
[2019-02-21 18:01:56,234] TRACE [Controller id=0 epoch=7] Sending UpdateMetadata request PartitionState(controllerEpoch=2, leader=0, leaderEpoch=0, isr=[0], zkVersion=0, replicas=[0], offlineReplicas=[]) to brokers Set(0) for partition __consumer_offsets-10 (state.change.logger)
[2019-02-21 18:01:56,234] TRACE [Controller id=0 epoch=7] Sending UpdateMetadata request PartitionState(controllerEpoch=2, leader=0, leaderEpoch=0, isr=[0], zkVersion=0, replicas=[0], offlineReplicas=[]) to brokers Set(0) for partition __consumer_offsets-37 (state.change.logger)
[2019-02-21 18:01:56,234] TRACE [Controller id=0 epoch=7] Sending UpdateMetadata request PartitionState(controllerEpoch=2, leader=0, leaderEpoch=0, isr=[0], zkVersion=0, replicas=[0], offlineReplicas=[]) to brokers Set(0) for partition __consumer_offsets-48 (state.change.logger)
[2019-02-21 18:01:56,234] TRACE [Controller id=0 epoch=7] Sending UpdateMetadata request PartitionState(controllerEpoch=2, leader=0, leaderEpoch=0, isr=[0], zkVersion=0, replicas=[0], offlineReplicas=[]) to brokers Set(0) for partition __consumer_offsets-18 (state.change.logger)
[2019-02-21 18:01:56,234] TRACE [Controller id=0 epoch=7] Sending UpdateMetadata request PartitionState(controllerEpoch=2, leader=0, leaderEpoch=0, isr=[0], zkVersion=0, replicas=[0], offlineReplicas=[]) to brokers Set(0) for partition __consumer_offsets-29 (state.change.logger)
[2019-02-21 18:01:56,234] TRACE [Controller id=0 epoch=7] Sending UpdateMetadata request PartitionState(controllerEpoch=2, leader=0, leaderEpoch=0, isr=[0], zkVersion=0, replicas=[0], offlineReplicas=[]) to brokers Set(0) for partition __consumer_offsets-40 (state.change.logger)
[2019-02-21 18:01:56,234] TRACE [Controller id=0 epoch=7] Sending UpdateMetadata request PartitionState(controllerEpoch=2, leader=0, leaderEpoch=0, isr=[0], zkVersion=0, replicas=[0], offlineReplicas=[]) to brokers Set(0) for partition __consumer_offsets-7 (state.change.logger)
[2019-02-21 18:01:56,234] TRACE [Controller id=0 epoch=7] Sending UpdateMetadata request PartitionState(controllerEpoch=2, leader=0, leaderEpoch=0, isr=[0], zkVersion=0, replicas=[0], offlineReplicas=[]) to brokers Set(0) for partition __consumer_offsets-23 (state.change.logger)
[2019-02-21 18:01:56,234] TRACE [Controller id=0 epoch=7] Sending UpdateMetadata request PartitionState(controllerEpoch=2, leader=0, leaderEpoch=0, isr=[0], zkVersion=0, replicas=[0], offlineReplicas=[]) to brokers Set(0) for partition __consumer_offsets-34 (state.change.logger)
[2019-02-21 18:01:56,234] TRACE [Controller id=0 epoch=7] Sending UpdateMetadata request PartitionState(controllerEpoch=2, leader=0, leaderEpoch=0, isr=[0], zkVersion=0, replicas=[0], offlineReplicas=[]) to brokers Set(0) for partition __consumer_offsets-45 (state.change.logger)
[2019-02-21 18:01:56,235] TRACE [Controller id=0 epoch=7] Sending UpdateMetadata request PartitionState(controllerEpoch=2, leader=0, leaderEpoch=0, isr=[0], zkVersion=0, replicas=[0], offlineReplicas=[]) to brokers Set(0) for partition topic-user-lifecycle-creation-0 (state.change.logger)
[2019-02-21 18:01:56,235] TRACE [Controller id=0 epoch=7] Sending UpdateMetadata request PartitionState(controllerEpoch=2, leader=0, leaderEpoch=0, isr=[0], zkVersion=0, replicas=[0], offlineReplicas=[]) to brokers Set(0) for partition __consumer_offsets-26 (state.change.logger)
[2019-02-21 18:01:56,235] TRACE [Controller id=0 epoch=7] Sending UpdateMetadata request PartitionState(controllerEpoch=2, leader=0, leaderEpoch=0, isr=[0], zkVersion=0, replicas=[0], offlineReplicas=[]) to brokers Set(0) for partition __consumer_offsets-4 (state.change.logger)
[2019-02-21 18:01:56,235] TRACE [Controller id=0 epoch=7] Sending UpdateMetadata request PartitionState(controllerEpoch=2, leader=0, leaderEpoch=0, isr=[0], zkVersion=0, replicas=[0], offlineReplicas=[]) to brokers Set(0) for partition __consumer_offsets-15 (state.change.logger)
[2019-02-21 18:01:56,235] TRACE [Controller id=0 epoch=7] Sending UpdateMetadata request PartitionState(controllerEpoch=2, leader=0, leaderEpoch=0, isr=[0], zkVersion=0, replicas=[0], offlineReplicas=[]) to brokers Set(0) for partition __consumer_offsets-42 (state.change.logger)
[2019-02-21 18:01:56,235] TRACE [Controller id=0 epoch=7] Sending UpdateMetadata request PartitionState(controllerEpoch=2, leader=0, leaderEpoch=0, isr=[0], zkVersion=0, replicas=[0], offlineReplicas=[]) to brokers Set(0) for partition __consumer_offsets-20 (state.change.logger)
[2019-02-21 18:01:56,235] TRACE [Controller id=0 epoch=7] Sending UpdateMetadata request PartitionState(controllerEpoch=2, leader=0, leaderEpoch=0, isr=[0], zkVersion=0, replicas=[0], offlineReplicas=[]) to brokers Set(0) for partition __consumer_offsets-31 (state.change.logger)
[2019-02-21 18:01:56,235] TRACE [Controller id=0 epoch=7] Sending UpdateMetadata request PartitionState(controllerEpoch=2, leader=0, leaderEpoch=0, isr=[0], zkVersion=0, replicas=[0], offlineReplicas=[]) to brokers Set(0) for partition __consumer_offsets-9 (state.change.logger)
[2019-02-21 18:01:56,235] TRACE [Controller id=0 epoch=7] Sending UpdateMetadata request PartitionState(controllerEpoch=2, leader=0, leaderEpoch=0, isr=[0], zkVersion=0, replicas=[0], offlineReplicas=[]) to brokers Set(0) for partition topic-user-lifecycle-update-0 (state.change.logger)
[2019-02-21 18:01:56,235] TRACE [Controller id=0 epoch=7] Sending UpdateMetadata request PartitionState(controllerEpoch=2, leader=0, leaderEpoch=0, isr=[0], zkVersion=0, replicas=[0], offlineReplicas=[]) to brokers Set(0) for partition __consumer_offsets-1 (state.change.logger)
[2019-02-21 18:01:56,235] TRACE [Controller id=0 epoch=7] Sending UpdateMetadata request PartitionState(controllerEpoch=2, leader=0, leaderEpoch=0, isr=[0], zkVersion=0, replicas=[0], offlineReplicas=[]) to brokers Set(0) for partition __consumer_offsets-12 (state.change.logger)
[2019-02-21 18:01:56,235] TRACE [Controller id=0 epoch=7] Sending UpdateMetadata request PartitionState(controllerEpoch=6, leader=0, leaderEpoch=0, isr=[0], zkVersion=0, replicas=[0], offlineReplicas=[]) to brokers Set(0) for partition topic-project-lifecycle-update-0 (state.change.logger)
[2019-02-21 18:01:56,235] TRACE [Controller id=0 epoch=7] Sending UpdateMetadata request PartitionState(controllerEpoch=2, leader=0, leaderEpoch=0, isr=[0], zkVersion=0, replicas=[0], offlineReplicas=[]) to brokers Set(0) for partition __consumer_offsets-17 (state.change.logger)
[2019-02-21 18:01:56,236] TRACE [Controller id=0 epoch=7] Sending UpdateMetadata request PartitionState(controllerEpoch=2, leader=0, leaderEpoch=0, isr=[0], zkVersion=0, replicas=[0], offlineReplicas=[]) to brokers Set(0) for partition __consumer_offsets-28 (state.change.logger)
[2019-02-21 18:01:56,236] TRACE [Controller id=0 epoch=7] Sending UpdateMetadata request PartitionState(controllerEpoch=2, leader=0, leaderEpoch=0, isr=[0], zkVersion=0, replicas=[0], offlineReplicas=[]) to brokers Set(0) for partition __consumer_offsets-6 (state.change.logger)
[2019-02-21 18:01:56,236] TRACE [Controller id=0 epoch=7] Sending UpdateMetadata request PartitionState(controllerEpoch=2, leader=0, leaderEpoch=0, isr=[0], zkVersion=0, replicas=[0], offlineReplicas=[]) to brokers Set(0) for partition __consumer_offsets-39 (state.change.logger)
[2019-02-21 18:01:56,236] TRACE [Controller id=0 epoch=7] Sending UpdateMetadata request PartitionState(controllerEpoch=2, leader=0, leaderEpoch=0, isr=[0], zkVersion=0, replicas=[0], offlineReplicas=[]) to brokers Set(0) for partition __consumer_offsets-44 (state.change.logger)
[2019-02-21 18:01:56,236] TRACE [Controller id=0 epoch=7] Sending UpdateMetadata request PartitionState(controllerEpoch=2, leader=0, leaderEpoch=0, isr=[0], zkVersion=0, replicas=[0], offlineReplicas=[]) to brokers Set(0) for partition __consumer_offsets-36 (state.change.logger)
[2019-02-21 18:01:56,236] TRACE [Controller id=0 epoch=7] Sending UpdateMetadata request PartitionState(controllerEpoch=2, leader=0, leaderEpoch=0, isr=[0], zkVersion=0, replicas=[0], offlineReplicas=[]) to brokers Set(0) for partition __consumer_offsets-47 (state.change.logger)
[2019-02-21 18:01:56,236] TRACE [Controller id=0 epoch=7] Sending UpdateMetadata request PartitionState(controllerEpoch=2, leader=0, leaderEpoch=0, isr=[0], zkVersion=0, replicas=[0], offlineReplicas=[]) to brokers Set(0) for partition __consumer_offsets-3 (state.change.logger)
[2019-02-21 18:01:56,236] TRACE [Controller id=0 epoch=7] Sending UpdateMetadata request PartitionState(controllerEpoch=2, leader=0, leaderEpoch=0, isr=[0], zkVersion=0, replicas=[0], offlineReplicas=[]) to brokers Set(0) for partition __consumer_offsets-14 (state.change.logger)
[2019-02-21 18:01:56,236] TRACE [Controller id=0 epoch=7] Sending UpdateMetadata request PartitionState(controllerEpoch=2, leader=0, leaderEpoch=0, isr=[0], zkVersion=0, replicas=[0], offlineReplicas=[]) to brokers Set(0) for partition __consumer_offsets-25 (state.change.logger)
[2019-02-21 18:01:56,236] TRACE [Controller id=0 epoch=7] Sending UpdateMetadata request PartitionState(controllerEpoch=2, leader=0, leaderEpoch=0, isr=[0], zkVersion=0, replicas=[0], offlineReplicas=[]) to brokers Set(0) for partition topic-user-lifecycle-0 (state.change.logger)
[2019-02-21 18:01:56,236] TRACE [Controller id=0 epoch=7] Sending UpdateMetadata request PartitionState(controllerEpoch=2, leader=0, leaderEpoch=0, isr=[0], zkVersion=0, replicas=[0], offlineReplicas=[]) to brokers Set(0) for partition __consumer_offsets-41 (state.change.logger)
[2019-02-21 18:01:56,236] TRACE [Controller id=0 epoch=7] Sending UpdateMetadata request PartitionState(controllerEpoch=2, leader=0, leaderEpoch=0, isr=[0], zkVersion=0, replicas=[0], offlineReplicas=[]) to brokers Set(0) for partition __consumer_offsets-30 (state.change.logger)
[2019-02-21 18:01:56,236] TRACE [Controller id=0 epoch=7] Sending UpdateMetadata request PartitionState(controllerEpoch=5, leader=0, leaderEpoch=0, isr=[0], zkVersion=0, replicas=[0], offlineReplicas=[]) to brokers Set(0) for partition topic-project-lifecycle-creation-0 (state.change.logger)
[2019-02-21 18:01:56,236] TRACE [Controller id=0 epoch=7] Sending UpdateMetadata request PartitionState(controllerEpoch=2, leader=0, leaderEpoch=0, isr=[0], zkVersion=0, replicas=[0], offlineReplicas=[]) to brokers Set(0) for partition __consumer_offsets-22 (state.change.logger)
[2019-02-21 18:01:56,236] TRACE [Controller id=0 epoch=7] Sending UpdateMetadata request PartitionState(controllerEpoch=2, leader=0, leaderEpoch=0, isr=[0], zkVersion=0, replicas=[0], offlineReplicas=[]) to brokers Set(0) for partition __consumer_offsets-11 (state.change.logger)
[2019-02-21 18:01:56,237] TRACE [Controller id=0 epoch=7] Sending UpdateMetadata request PartitionState(controllerEpoch=2, leader=0, leaderEpoch=0, isr=[0], zkVersion=0, replicas=[0], offlineReplicas=[]) to brokers Set(0) for partition __consumer_offsets-33 (state.change.logger)
[2019-02-21 18:01:56,237] TRACE [Controller id=0 epoch=7] Sending UpdateMetadata request PartitionState(controllerEpoch=2, leader=0, leaderEpoch=0, isr=[0], zkVersion=0, replicas=[0], offlineReplicas=[]) to brokers Set(0) for partition __consumer_offsets-0 (state.change.logger)
