2019-02-18 18:51:58,378 [myid:] - INFO  [main:QuorumPeerConfig@134] - Reading configuration from: conf/zoo.cfg
2019-02-18 18:51:58,385 [myid:] - INFO  [main:DatadirCleanupManager@78] - autopurge.snapRetainCount set to 3
2019-02-18 18:51:58,385 [myid:] - INFO  [main:DatadirCleanupManager@79] - autopurge.purgeInterval set to 0
2019-02-18 18:51:58,385 [myid:] - INFO  [main:DatadirCleanupManager@101] - Purge task is not scheduled.
2019-02-18 18:51:58,386 [myid:] - WARN  [main:QuorumPeerMain@113] - Either no config or no quorum defined in config, running  in standalone mode
2019-02-18 18:51:58,401 [myid:] - INFO  [main:QuorumPeerConfig@134] - Reading configuration from: conf/zoo.cfg
2019-02-18 18:51:58,401 [myid:] - INFO  [main:ZooKeeperServerMain@96] - Starting server
2019-02-18 18:52:03,420 [myid:] - INFO  [main:Environment@100] - Server environment:zookeeper.version=3.4.10-39d3a4f269333c922ed3db283be479f9deacaa0f, built on 03/23/2017 10:13 GMT
2019-02-18 18:52:03,420 [myid:] - INFO  [main:Environment@100] - Server environment:host.name=fe80:0:0:0:14ec:8eff:feb0:2747%12
2019-02-18 18:52:03,420 [myid:] - INFO  [main:Environment@100] - Server environment:java.version=1.8.0_181
2019-02-18 18:52:03,420 [myid:] - INFO  [main:Environment@100] - Server environment:java.vendor=Oracle Corporation
2019-02-18 18:52:03,421 [myid:] - INFO  [main:Environment@100] - Server environment:java.home=/Library/Java/JavaVirtualMachines/jdk1.8.0_181.jdk/Contents/Home/jre
2019-02-18 18:52:03,421 [myid:] - INFO  [main:Environment@100] - Server environment:java.class.path=/Users/bradleywilliams/Documents/Projects/oulipo/VersionThree/local/zookeeper-3.4.10/bin/../build/classes:/Users/bradleywilliams/Documents/Projects/oulipo/VersionThree/local/zookeeper-3.4.10/bin/../build/lib/*.jar:/Users/bradleywilliams/Documents/Projects/oulipo/VersionThree/local/zookeeper-3.4.10/bin/../lib/slf4j-log4j12-1.6.1.jar:/Users/bradleywilliams/Documents/Projects/oulipo/VersionThree/local/zookeeper-3.4.10/bin/../lib/slf4j-api-1.6.1.jar:/Users/bradleywilliams/Documents/Projects/oulipo/VersionThree/local/zookeeper-3.4.10/bin/../lib/netty-3.10.5.Final.jar:/Users/bradleywilliams/Documents/Projects/oulipo/VersionThree/local/zookeeper-3.4.10/bin/../lib/log4j-1.2.16.jar:/Users/bradleywilliams/Documents/Projects/oulipo/VersionThree/local/zookeeper-3.4.10/bin/../lib/jline-0.9.94.jar:/Users/bradleywilliams/Documents/Projects/oulipo/VersionThree/local/zookeeper-3.4.10/bin/../zookeeper-3.4.10.jar:/Users/bradleywilliams/Documents/Projects/oulipo/VersionThree/local/zookeeper-3.4.10/bin/../src/java/lib/*.jar:/Users/bradleywilliams/Documents/Projects/oulipo/VersionThree/local/zookeeper-3.4.10/bin/../conf:
2019-02-18 18:52:03,421 [myid:] - INFO  [main:Environment@100] - Server environment:java.library.path=/Users/bradleywilliams/Library/Java/Extensions:/Library/Java/Extensions:/Network/Library/Java/Extensions:/System/Library/Java/Extensions:/usr/lib/java:.
2019-02-18 18:52:03,421 [myid:] - INFO  [main:Environment@100] - Server environment:java.io.tmpdir=/var/folders/z_/fbgp5g3j63s253xvf7gsnqd80000gn/T/
2019-02-18 18:52:03,421 [myid:] - INFO  [main:Environment@100] - Server environment:java.compiler=<NA>
2019-02-18 18:52:03,423 [myid:] - INFO  [main:Environment@100] - Server environment:os.name=Mac OS X
2019-02-18 18:52:03,423 [myid:] - INFO  [main:Environment@100] - Server environment:os.arch=x86_64
2019-02-18 18:52:03,424 [myid:] - INFO  [main:Environment@100] - Server environment:os.version=10.13.6
2019-02-18 18:52:03,424 [myid:] - INFO  [main:Environment@100] - Server environment:user.name=bradleywilliams
2019-02-18 18:52:03,424 [myid:] - INFO  [main:Environment@100] - Server environment:user.home=/Users/bradleywilliams
2019-02-18 18:52:03,424 [myid:] - INFO  [main:Environment@100] - Server environment:user.dir=/Users/bradleywilliams/Documents/Projects/oulipo/VersionThree/local/zookeeper-3.4.10
2019-02-18 18:52:03,440 [myid:] - INFO  [main:ZooKeeperServer@829] - tickTime set to 2000
2019-02-18 18:52:03,440 [myid:] - INFO  [main:ZooKeeperServer@838] - minSessionTimeout set to -1
2019-02-18 18:52:03,440 [myid:] - INFO  [main:ZooKeeperServer@847] - maxSessionTimeout set to -1
2019-02-18 18:52:03,478 [myid:] - INFO  [main:NIOServerCnxnFactory@89] - binding to port 0.0.0.0/0.0.0.0:2181
